::1 - - [27/Jul/2019:19:31:15 +0400] "GET / HTTP/1.1" 200 80628
::1 - - [27/Jul/2019:19:31:16 +0400] "GET /favicon.ico HTTP/1.1" 404 209
::1 - - [27/Jul/2019:20:00:12 +0400] "GET / HTTP/1.1" 200 559
::1 - - [27/Jul/2019:20:00:12 +0400] "GET /style.css HTTP/1.1" 200 620
::1 - - [27/Jul/2019:20:00:12 +0400] "GET /img/background.png HTTP/1.1" 200 660037
::1 - - [27/Jul/2019:20:01:12 +0400] "-" 408 -
::1 - - [27/Jul/2019:20:02:43 +0400] "GET / HTTP/1.1" 200 598
::1 - - [27/Jul/2019:20:02:43 +0400] "GET /js/script.js HTTP/1.1" 200 27
::1 - - [27/Jul/2019:20:03:43 +0400] "-" 408 -
::1 - - [27/Jul/2019:20:17:39 +0400] "GET / HTTP/1.1" 200 442
::1 - - [27/Jul/2019:20:17:40 +0400] "GET /style.css HTTP/1.1" 200 476
::1 - - [27/Jul/2019:20:17:40 +0400] "GET /js/script.js HTTP/1.1" 200 -
::1 - - [27/Jul/2019:20:20:07 +0400] "GET / HTTP/1.1" 200 442
::1 - - [27/Jul/2019:20:20:07 +0400] "GET /style.css HTTP/1.1" 200 537
::1 - - [27/Jul/2019:20:20:07 +0400] "GET /js/script.js HTTP/1.1" 304 -
::1 - - [27/Jul/2019:20:20:07 +0400] "GET /img/background.png HTTP/1.1" 304 -
::1 - - [27/Jul/2019:20:21:11 +0400] "GET / HTTP/1.1" 200 442
::1 - - [27/Jul/2019:20:21:11 +0400] "GET /style.css HTTP/1.1" 200 537
::1 - - [27/Jul/2019:20:23:11 +0400] "GET / HTTP/1.1" 200 442
::1 - - [27/Jul/2019:20:23:11 +0400] "GET /style.css HTTP/1.1" 200 537
::1 - - [27/Jul/2019:20:23:11 +0400] "GET /js/script.js HTTP/1.1" 304 -
::1 - - [27/Jul/2019:20:23:55 +0400] "GET / HTTP/1.1" 200 442
::1 - - [27/Jul/2019:20:23:55 +0400] "GET /style.css HTTP/1.1" 200 537
::1 - - [27/Jul/2019:20:24:23 +0400] "GET / HTTP/1.1" 200 442
::1 - - [27/Jul/2019:20:24:23 +0400] "GET /style.css HTTP/1.1" 200 571
::1 - - [27/Jul/2019:20:24:38 +0400] "GET / HTTP/1.1" 200 442
::1 - - [27/Jul/2019:20:24:38 +0400] "GET /style.css HTTP/1.1" 200 589
::1 - - [27/Jul/2019:20:24:49 +0400] "GET / HTTP/1.1" 200 442
::1 - - [27/Jul/2019:20:24:49 +0400] "GET /style.css HTTP/1.1" 200 611
::1 - - [27/Jul/2019:20:25:14 +0400] "GET / HTTP/1.1" 200 442
::1 - - [27/Jul/2019:20:25:14 +0400] "GET /style.css HTTP/1.1" 200 630
::1 - - [27/Jul/2019:20:25:14 +0400] "GET /js/script.js HTTP/1.1" 304 -
::1 - - [27/Jul/2019:20:25:25 +0400] "GET / HTTP/1.1" 200 442
::1 - - [27/Jul/2019:20:25:25 +0400] "GET /style.css HTTP/1.1" 200 630
::1 - - [27/Jul/2019:20:25:43 +0400] "GET / HTTP/1.1" 200 442
::1 - - [27/Jul/2019:20:25:43 +0400] "GET /style.css HTTP/1.1" 200 649
::1 - - [27/Jul/2019:20:25:50 +0400] "GET / HTTP/1.1" 200 442
::1 - - [27/Jul/2019:20:25:50 +0400] "GET /style.css HTTP/1.1" 200 649
::1 - - [27/Jul/2019:20:26:28 +0400] "GET / HTTP/1.1" 200 442
::1 - - [27/Jul/2019:20:26:28 +0400] "GET /style.css HTTP/1.1" 200 649
::1 - - [27/Jul/2019:20:27:28 +0400] "-" 408 -
::1 - - [27/Jul/2019:20:28:03 +0400] "GET / HTTP/1.1" 200 442
::1 - - [27/Jul/2019:20:28:03 +0400] "GET /style.css HTTP/1.1" 200 778
::1 - - [27/Jul/2019:20:28:03 +0400] "GET /js/script.js HTTP/1.1" 304 -
::1 - - [27/Jul/2019:20:28:43 +0400] "GET / HTTP/1.1" 200 442
::1 - - [27/Jul/2019:20:28:43 +0400] "GET /style.css HTTP/1.1" 200 810
::1 - - [27/Jul/2019:20:28:53 +0400] "GET / HTTP/1.1" 200 450
::1 - - [27/Jul/2019:20:28:53 +0400] "GET /style.css HTTP/1.1" 304 -
::1 - - [27/Jul/2019:20:29:09 +0400] "GET /style.css HTTP/1.1" 304 -
::1 - - [27/Jul/2019:20:31:20 +0400] "GET / HTTP/1.1" 200 450
::1 - - [27/Jul/2019:20:31:20 +0400] "GET /js/script.js HTTP/1.1" 304 -
::1 - - [27/Jul/2019:20:31:20 +0400] "GET /style.css HTTP/1.1" 200 842
::1 - - [27/Jul/2019:20:31:36 +0400] "GET / HTTP/1.1" 200 450
::1 - - [27/Jul/2019:20:31:36 +0400] "GET /style.css HTTP/1.1" 200 828
::1 - - [27/Jul/2019:20:32:36 +0400] "-" 408 -
::1 - - [27/Jul/2019:20:32:56 +0400] "GET / HTTP/1.1" 200 450
::1 - - [27/Jul/2019:20:32:56 +0400] "GET /style.css HTTP/1.1" 200 839
::1 - - [27/Jul/2019:20:33:13 +0400] "GET / HTTP/1.1" 200 450
::1 - - [27/Jul/2019:20:33:13 +0400] "GET /style.css HTTP/1.1" 200 795
::1 - - [27/Jul/2019:20:33:57 +0400] "GET / HTTP/1.1" 200 442
::1 - - [27/Jul/2019:20:33:57 +0400] "GET /style.css HTTP/1.1" 200 817
::1 - - [27/Jul/2019:20:34:57 +0400] "-" 408 -
::1 - - [27/Jul/2019:20:37:10 +0400] "GET / HTTP/1.1" 200 722
::1 - - [27/Jul/2019:20:37:10 +0400] "GET /style.css HTTP/1.1" 304 -
::1 - - [27/Jul/2019:20:37:10 +0400] "GET /js/script.js HTTP/1.1" 304 -
::1 - - [27/Jul/2019:20:38:41 +0400] "GET / HTTP/1.1" 200 722
::1 - - [27/Jul/2019:20:38:41 +0400] "GET /style.css HTTP/1.1" 200 915
::1 - - [27/Jul/2019:20:39:29 +0400] "GET / HTTP/1.1" 200 722
::1 - - [27/Jul/2019:20:39:29 +0400] "GET /style.css HTTP/1.1" 200 915
::1 - - [27/Jul/2019:20:39:46 +0400] "GET / HTTP/1.1" 200 722
::1 - - [27/Jul/2019:20:39:46 +0400] "GET /style.css HTTP/1.1" 200 930
::1 - - [27/Jul/2019:20:40:10 +0400] "GET / HTTP/1.1" 200 722
::1 - - [27/Jul/2019:20:40:10 +0400] "GET /style.css HTTP/1.1" 200 949
::1 - - [27/Jul/2019:20:40:26 +0400] "GET / HTTP/1.1" 200 722
::1 - - [27/Jul/2019:20:40:26 +0400] "GET /style.css HTTP/1.1" 200 949
::1 - - [27/Jul/2019:20:41:26 +0400] "-" 408 -
::1 - - [27/Jul/2019:20:41:33 +0400] "GET / HTTP/1.1" 200 722
::1 - - [27/Jul/2019:20:41:33 +0400] "GET /style.css HTTP/1.1" 200 1029
::1 - - [27/Jul/2019:20:41:33 +0400] "GET /js/script.js HTTP/1.1" 304 -
::1 - - [27/Jul/2019:20:41:34 +0400] "GET /img/background.png HTTP/1.1" 304 -
::1 - - [27/Jul/2019:20:42:38 +0400] "GET / HTTP/1.1" 200 722
::1 - - [27/Jul/2019:20:42:39 +0400] "GET /style.css HTTP/1.1" 200 1115
::1 - - [27/Jul/2019:20:42:52 +0400] "GET /style.css HTTP/1.1" 304 -
::1 - - [27/Jul/2019:20:43:12 +0400] "GET / HTTP/1.1" 200 722
::1 - - [27/Jul/2019:20:43:12 +0400] "GET /style.css HTTP/1.1" 200 1131
::1 - - [27/Jul/2019:20:44:05 +0400] "GET / HTTP/1.1" 200 722
::1 - - [27/Jul/2019:20:44:05 +0400] "GET /style.css HTTP/1.1" 200 1183
::1 - - [27/Jul/2019:20:44:22 +0400] "GET / HTTP/1.1" 200 722
::1 - - [27/Jul/2019:20:44:22 +0400] "GET /style.css HTTP/1.1" 200 1183
::1 - - [27/Jul/2019:20:44:33 +0400] "GET / HTTP/1.1" 200 722
::1 - - [27/Jul/2019:20:44:34 +0400] "GET /style.css HTTP/1.1" 200 1183
::1 - - [27/Jul/2019:20:45:28 +0400] "GET / HTTP/1.1" 200 722
::1 - - [27/Jul/2019:20:45:28 +0400] "GET /style.css HTTP/1.1" 200 1185
::1 - - [27/Jul/2019:20:45:28 +0400] "GET /js/script.js HTTP/1.1" 304 -
::1 - - [27/Jul/2019:20:45:43 +0400] "GET / HTTP/1.1" 200 722
::1 - - [27/Jul/2019:20:45:43 +0400] "GET /style.css HTTP/1.1" 200 1183
::1 - - [27/Jul/2019:20:45:55 +0400] "GET / HTTP/1.1" 200 722
::1 - - [27/Jul/2019:20:45:55 +0400] "GET /style.css HTTP/1.1" 200 1181
::1 - - [27/Jul/2019:20:46:36 +0400] "GET / HTTP/1.1" 200 722
::1 - - [27/Jul/2019:20:46:36 +0400] "GET /style.css HTTP/1.1" 200 1251
::1 - - [27/Jul/2019:20:47:01 +0400] "GET / HTTP/1.1" 200 722
::1 - - [27/Jul/2019:20:47:01 +0400] "GET /style.css HTTP/1.1" 200 1244
::1 - - [27/Jul/2019:20:47:17 +0400] "GET / HTTP/1.1" 200 722
::1 - - [27/Jul/2019:20:47:17 +0400] "GET /style.css HTTP/1.1" 200 1245
::1 - - [27/Jul/2019:20:47:32 +0400] "GET / HTTP/1.1" 200 722
::1 - - [27/Jul/2019:20:47:32 +0400] "GET /style.css HTTP/1.1" 200 1245
::1 - - [27/Jul/2019:20:47:41 +0400] "GET / HTTP/1.1" 200 722
::1 - - [27/Jul/2019:20:47:41 +0400] "GET /style.css HTTP/1.1" 200 1245
::1 - - [27/Jul/2019:20:47:47 +0400] "GET / HTTP/1.1" 200 722
::1 - - [27/Jul/2019:20:47:47 +0400] "GET /style.css HTTP/1.1" 200 1245
::1 - - [27/Jul/2019:20:48:17 +0400] "GET / HTTP/1.1" 200 722
::1 - - [27/Jul/2019:20:48:17 +0400] "GET /style.css HTTP/1.1" 200 1288
::1 - - [27/Jul/2019:20:48:32 +0400] "GET / HTTP/1.1" 200 722
::1 - - [27/Jul/2019:20:48:32 +0400] "GET /style.css HTTP/1.1" 200 1286
::1 - - [27/Jul/2019:20:48:41 +0400] "GET / HTTP/1.1" 200 722
::1 - - [27/Jul/2019:20:48:41 +0400] "GET /style.css HTTP/1.1" 200 1286
::1 - - [27/Jul/2019:20:49:04 +0400] "GET / HTTP/1.1" 200 726
::1 - - [27/Jul/2019:20:49:04 +0400] "GET /style.css HTTP/1.1" 304 -
::1 - - [27/Jul/2019:20:50:04 +0400] "-" 408 -
::1 - - [27/Jul/2019:20:51:59 +0400] "GET / HTTP/1.1" 200 726
::1 - - [27/Jul/2019:20:51:59 +0400] "GET /style.css HTTP/1.1" 200 1366
::1 - - [27/Jul/2019:20:51:59 +0400] "GET /js/script.js HTTP/1.1" 304 -
::1 - - [27/Jul/2019:21:17:18 +0400] "GET / HTTP/1.1" 200 791
::1 - - [27/Jul/2019:21:17:18 +0400] "GET /style.css HTTP/1.1" 304 -
::1 - - [27/Jul/2019:21:17:18 +0400] "GET /js/script.js HTTP/1.1" 304 -
::1 - - [27/Jul/2019:21:17:18 +0400] "GET /img/background.png HTTP/1.1" 304 -
::1 - - [27/Jul/2019:21:17:22 +0400] "GET /pages/aboutus.php HTTP/1.1" 200 778
::1 - - [27/Jul/2019:21:17:22 +0400] "GET /pages/js/script.js HTTP/1.1" 404 216
::1 - - [27/Jul/2019:21:17:24 +0400] "GET /index.php HTTP/1.1" 200 791
::1 - - [27/Jul/2019:21:17:28 +0400] "GET /pages/blog.php HTTP/1.1" 200 777
::1 - - [27/Jul/2019:21:17:28 +0400] "GET /pages/js/script.js HTTP/1.1" 404 216
::1 - - [27/Jul/2019:21:17:30 +0400] "GET /pages/aboutus.php HTTP/1.1" 200 778
::1 - - [27/Jul/2019:21:17:30 +0400] "GET /pages/js/script.js HTTP/1.1" 404 216
::1 - - [27/Jul/2019:21:17:32 +0400] "GET /pages/blog.php HTTP/1.1" 200 777
::1 - - [27/Jul/2019:21:17:32 +0400] "GET /pages/js/script.js HTTP/1.1" 404 216
::1 - - [27/Jul/2019:21:17:34 +0400] "GET /pages/contactus.php HTTP/1.1" 200 778
::1 - - [27/Jul/2019:21:17:34 +0400] "GET /pages/js/script.js HTTP/1.1" 404 216
::1 - - [27/Jul/2019:21:17:36 +0400] "GET /pages/blog.php HTTP/1.1" 200 777
::1 - - [27/Jul/2019:21:17:36 +0400] "GET /pages/js/script.js HTTP/1.1" 404 216
::1 - - [27/Jul/2019:21:17:37 +0400] "GET /pages/contactus.php HTTP/1.1" 200 778
::1 - - [27/Jul/2019:21:17:37 +0400] "GET /pages/js/script.js HTTP/1.1" 404 216
::1 - - [27/Jul/2019:21:17:40 +0400] "GET /pages/login.php HTTP/1.1" 200 740
::1 - - [27/Jul/2019:21:17:54 +0400] "GET /pages/login.php HTTP/1.1" 200 742
::1 - - [27/Jul/2019:21:18:14 +0400] "GET /pages/login.php HTTP/1.1" 200 768
::1 - - [27/Jul/2019:21:18:29 +0400] "GET /pages/login.php HTTP/1.1" 200 770
::1 - - [27/Jul/2019:21:19:29 +0400] "-" 408 -
::1 - - [27/Jul/2019:21:19:36 +0400] "GET /pages/login.php HTTP/1.1" 200 770
::1 - - [27/Jul/2019:21:19:52 +0400] "GET /pages/login.php HTTP/1.1" 200 824
::1 - - [27/Jul/2019:21:19:52 +0400] "GET /css/forumform.css HTTP/1.1" 200 61
::1 - - [27/Jul/2019:21:20:04 +0400] "GET /pages/login.php HTTP/1.1" 200 824
::1 - - [27/Jul/2019:21:20:04 +0400] "GET /css/forumform.css HTTP/1.1" 200 61
::1 - - [27/Jul/2019:21:20:24 +0400] "GET /pages/login.php HTTP/1.1" 200 824
::1 - - [27/Jul/2019:21:20:24 +0400] "GET /css/forumform.css HTTP/1.1" 200 65
::1 - - [27/Jul/2019:21:21:24 +0400] "-" 408 -
::1 - - [27/Jul/2019:21:23:53 +0400] "GET /pages/login.php HTTP/1.1" 200 1486
::1 - - [27/Jul/2019:21:23:53 +0400] "GET /style.css HTTP/1.1" 304 -
::1 - - [27/Jul/2019:21:23:53 +0400] "GET /css/forumform.css HTTP/1.1" 304 -
::1 - - [27/Jul/2019:21:23:53 +0400] "GET /pages/js/script.js HTTP/1.1" 404 216
::1 - - [27/Jul/2019:21:25:06 +0400] "GET /pages/login.php HTTP/1.1" 200 1475
::1 - - [27/Jul/2019:21:25:06 +0400] "GET /css/forumform.css HTTP/1.1" 304 -
::1 - - [27/Jul/2019:21:25:06 +0400] "GET /pages/js/script.js HTTP/1.1" 404 216
::1 - - [27/Jul/2019:21:27:39 +0400] "GET /pages/login.php HTTP/1.1" 200 1401
::1 - - [27/Jul/2019:21:27:40 +0400] "GET /style.css HTTP/1.1" 304 -
::1 - - [27/Jul/2019:21:27:40 +0400] "GET /css/forumform.css HTTP/1.1" 200 24
::1 - - [27/Jul/2019:21:27:40 +0400] "GET /pages/js/script.js HTTP/1.1" 404 216
::1 - - [27/Jul/2019:21:28:13 +0400] "GET /pages/login.php HTTP/1.1" 200 1402
::1 - - [27/Jul/2019:21:28:13 +0400] "GET /css/forumform.css HTTP/1.1" 304 -
::1 - - [27/Jul/2019:21:28:13 +0400] "GET /pages/js/script.js HTTP/1.1" 404 216
::1 - - [27/Jul/2019:21:28:48 +0400] "GET /pages/login.php HTTP/1.1" 200 1402
::1 - - [27/Jul/2019:21:28:48 +0400] "GET /css/forumform.css HTTP/1.1" 200 28
::1 - - [27/Jul/2019:21:28:48 +0400] "GET /pages/js/script.js HTTP/1.1" 404 216
::1 - - [27/Jul/2019:21:29:08 +0400] "GET /pages/login.php HTTP/1.1" 200 1402
::1 - - [27/Jul/2019:21:29:08 +0400] "GET /css/forumform.css HTTP/1.1" 200 49
::1 - - [27/Jul/2019:21:29:08 +0400] "GET /pages/js/script.js HTTP/1.1" 404 216
::1 - - [27/Jul/2019:21:29:17 +0400] "GET /pages/login.php HTTP/1.1" 200 1402
::1 - - [27/Jul/2019:21:29:17 +0400] "GET /css/forumform.css HTTP/1.1" 200 49
::1 - - [27/Jul/2019:21:29:17 +0400] "GET /pages/js/script.js HTTP/1.1" 404 216
::1 - - [27/Jul/2019:21:29:44 +0400] "GET /pages/login.php HTTP/1.1" 200 1402
::1 - - [27/Jul/2019:21:29:44 +0400] "GET /css/forumform.css HTTP/1.1" 200 79
::1 - - [27/Jul/2019:21:29:44 +0400] "GET /pages/js/script.js HTTP/1.1" 404 216
::1 - - [27/Jul/2019:21:30:02 +0400] "GET /pages/login.php HTTP/1.1" 200 1402
::1 - - [27/Jul/2019:21:30:02 +0400] "GET /css/forumform.css HTTP/1.1" 200 99
::1 - - [27/Jul/2019:21:30:02 +0400] "GET /pages/js/script.js HTTP/1.1" 404 216
::1 - - [27/Jul/2019:21:30:48 +0400] "GET /pages/login.php HTTP/1.1" 200 1402
::1 - - [27/Jul/2019:21:30:48 +0400] "GET /css/forumform.css HTTP/1.1" 200 79
::1 - - [27/Jul/2019:21:30:48 +0400] "GET /pages/js/script.js HTTP/1.1" 404 216
::1 - - [27/Jul/2019:21:31:06 +0400] "GET /pages/login.php HTTP/1.1" 200 1402
::1 - - [27/Jul/2019:21:31:06 +0400] "GET /css/forumform.css HTTP/1.1" 200 79
::1 - - [27/Jul/2019:21:31:06 +0400] "GET /pages/js/script.js HTTP/1.1" 404 216
::1 - - [27/Jul/2019:21:31:16 +0400] "GET /pages/login.php HTTP/1.1" 200 1402
::1 - - [27/Jul/2019:21:31:16 +0400] "GET /style.css HTTP/1.1" 304 -
::1 - - [27/Jul/2019:21:31:16 +0400] "GET /css/forumform.css HTTP/1.1" 200 79
::1 - - [27/Jul/2019:21:31:16 +0400] "GET /pages/js/script.js HTTP/1.1" 404 216
::1 - - [27/Jul/2019:21:31:38 +0400] "GET /pages/login.php HTTP/1.1" 200 1402
::1 - - [27/Jul/2019:21:31:38 +0400] "GET /css/forumform.css HTTP/1.1" 200 101
::1 - - [27/Jul/2019:21:31:38 +0400] "GET /pages/js/script.js HTTP/1.1" 404 216
::1 - - [27/Jul/2019:21:31:52 +0400] "GET /pages/login.php HTTP/1.1" 200 1402
::1 - - [27/Jul/2019:21:31:52 +0400] "GET /css/forumform.css HTTP/1.1" 200 99
::1 - - [27/Jul/2019:21:31:52 +0400] "GET /pages/js/script.js HTTP/1.1" 404 216
::1 - - [27/Jul/2019:21:32:57 +0400] "GET /pages/login.php HTTP/1.1" 200 1402
::1 - - [27/Jul/2019:21:32:57 +0400] "GET /css/forumform.css HTTP/1.1" 200 111
::1 - - [27/Jul/2019:21:32:57 +0400] "GET /pages/js/script.js HTTP/1.1" 404 216
::1 - - [27/Jul/2019:21:34:37 +0400] "GET /pages/login.php HTTP/1.1" 200 1402
::1 - - [27/Jul/2019:21:34:37 +0400] "GET /css/forumform.css HTTP/1.1" 200 258
::1 - - [27/Jul/2019:21:34:37 +0400] "GET /pages/js/script.js HTTP/1.1" 404 216
::1 - - [27/Jul/2019:21:34:44 +0400] "GET /css/forumform.css HTTP/1.1" 304 -
::1 - - [27/Jul/2019:21:35:16 +0400] "GET /pages/login.php HTTP/1.1" 200 1402
::1 - - [27/Jul/2019:21:35:16 +0400] "GET /style.css HTTP/1.1" 304 -
::1 - - [27/Jul/2019:21:35:16 +0400] "GET /css/forumform.css HTTP/1.1" 200 258
::1 - - [27/Jul/2019:21:35:16 +0400] "GET /pages/js/script.js HTTP/1.1" 404 216
::1 - - [27/Jul/2019:21:47:22 +0400] "GET /pages/login.php HTTP/1.1" 200 1508
::1 - - [27/Jul/2019:21:47:22 +0400] "GET /pages/js/script.js HTTP/1.1" 404 216
::1 - - [27/Jul/2019:21:47:22 +0400] "GET /style.css HTTP/1.1" 304 -
::1 - - [27/Jul/2019:21:47:22 +0400] "GET /css/forumform.css HTTP/1.1" 304 -
::1 - - [27/Jul/2019:21:47:22 +0400] "GET /img/background.png HTTP/1.1" 304 -
::1 - - [27/Jul/2019:21:49:02 +0400] "GET /pages/login.php HTTP/1.1" 200 1508
::1 - - [27/Jul/2019:21:49:02 +0400] "GET /css/forumform.css HTTP/1.1" 304 -
::1 - - [27/Jul/2019:21:49:02 +0400] "GET /pages/js/script.js HTTP/1.1" 404 216
::1 - - [27/Jul/2019:21:50:11 +0400] "GET /pages/login.php HTTP/1.1" 200 1508
::1 - - [27/Jul/2019:21:50:11 +0400] "GET /pages/js/script.js HTTP/1.1" 404 216
::1 - - [27/Jul/2019:21:50:27 +0400] "GET /pages/login.php HTTP/1.1" 200 1508
::1 - - [27/Jul/2019:21:50:27 +0400] "GET /css/forumform.css HTTP/1.1" 200 236
::1 - - [27/Jul/2019:21:50:27 +0400] "GET /pages/js/script.js HTTP/1.1" 404 216
::1 - - [27/Jul/2019:21:50:50 +0400] "GET /pages/login.php HTTP/1.1" 200 1518
::1 - - [27/Jul/2019:21:50:50 +0400] "GET /css/forumform.css HTTP/1.1" 304 -
::1 - - [27/Jul/2019:21:50:50 +0400] "GET /pages/js/script.js HTTP/1.1" 404 216
::1 - - [27/Jul/2019:21:51:07 +0400] "GET /pages/login.php HTTP/1.1" 200 1518
::1 - - [27/Jul/2019:21:51:07 +0400] "GET /css/forumform.css HTTP/1.1" 200 236
::1 - - [27/Jul/2019:21:51:07 +0400] "GET /pages/js/script.js HTTP/1.1" 404 216
::1 - - [27/Jul/2019:21:51:18 +0400] "GET /pages/login.php HTTP/1.1" 200 1518
::1 - - [27/Jul/2019:21:51:18 +0400] "GET /css/forumform.css HTTP/1.1" 200 236
::1 - - [27/Jul/2019:21:51:18 +0400] "GET /pages/js/script.js HTTP/1.1" 404 216
::1 - - [27/Jul/2019:21:51:32 +0400] "GET /pages/login.php HTTP/1.1" 200 1518
::1 - - [27/Jul/2019:21:51:32 +0400] "GET /css/forumform.css HTTP/1.1" 200 236
::1 - - [27/Jul/2019:21:51:32 +0400] "GET /pages/js/script.js HTTP/1.1" 404 216
::1 - - [27/Jul/2019:21:54:29 +0400] "GET /pages/login.php HTTP/1.1" 200 1518
::1 - - [27/Jul/2019:21:54:29 +0400] "GET /style.css HTTP/1.1" 304 -
::1 - - [27/Jul/2019:21:54:29 +0400] "GET /css/forumform.css HTTP/1.1" 200 373
::1 - - [27/Jul/2019:21:54:29 +0400] "GET /pages/js/script.js HTTP/1.1" 404 216
::1 - - [27/Jul/2019:21:55:38 +0400] "GET /pages/login.php HTTP/1.1" 200 1518
::1 - - [27/Jul/2019:21:55:39 +0400] "GET /css/forumform.css HTTP/1.1" 200 449
::1 - - [27/Jul/2019:21:55:39 +0400] "GET /pages/js/script.js HTTP/1.1" 404 216
::1 - - [27/Jul/2019:21:56:34 +0400] "GET /pages/login.php HTTP/1.1" 200 1518
::1 - - [27/Jul/2019:21:56:34 +0400] "GET /css/forumform.css HTTP/1.1" 200 447
::1 - - [27/Jul/2019:21:56:34 +0400] "GET /pages/js/script.js HTTP/1.1" 404 216
::1 - - [27/Jul/2019:21:57:17 +0400] "GET / HTTP/1.1" 200 791
::1 - - [27/Jul/2019:21:57:17 +0400] "GET /js/script.js HTTP/1.1" 304 -
::1 - - [27/Jul/2019:21:59:37 +0400] "GET /pages/login.php HTTP/1.1" 200 1518
::1 - - [27/Jul/2019:21:59:38 +0400] "GET /css/forumform.css HTTP/1.1" 200 468
::1 - - [27/Jul/2019:21:59:38 +0400] "GET /pages/js/script.js HTTP/1.1" 404 216
::1 - - [27/Jul/2019:22:00:04 +0400] "GET /pages/login.php HTTP/1.1" 200 1518
::1 - - [27/Jul/2019:22:00:04 +0400] "GET /css/forumform.css HTTP/1.1" 200 484
::1 - - [27/Jul/2019:22:00:04 +0400] "GET /pages/js/script.js HTTP/1.1" 404 216
::1 - - [27/Jul/2019:22:00:27 +0400] "GET /pages/login.php HTTP/1.1" 200 1518
::1 - - [27/Jul/2019:22:00:27 +0400] "GET /css/forumform.css HTTP/1.1" 304 -
::1 - - [27/Jul/2019:22:00:27 +0400] "GET /pages/js/script.js HTTP/1.1" 404 216
::1 - - [27/Jul/2019:22:00:36 +0400] "GET /pages/login.php HTTP/1.1" 200 1518
::1 - - [27/Jul/2019:22:00:36 +0400] "GET /css/forumform.css HTTP/1.1" 304 -
::1 - - [27/Jul/2019:22:00:36 +0400] "GET /pages/js/script.js HTTP/1.1" 404 216
::1 - - [27/Jul/2019:22:00:56 +0400] "GET /pages/login.php HTTP/1.1" 200 1518
::1 - - [27/Jul/2019:22:00:56 +0400] "GET /style.css HTTP/1.1" 200 1366
::1 - - [27/Jul/2019:22:00:56 +0400] "GET /css/forumform.css HTTP/1.1" 304 -
::1 - - [27/Jul/2019:22:00:56 +0400] "GET /pages/js/script.js HTTP/1.1" 404 216
::1 - - [27/Jul/2019:22:01:12 +0400] "GET /pages/login.php HTTP/1.1" 200 1518
::1 - - [27/Jul/2019:22:01:12 +0400] "GET /style.css HTTP/1.1" 200 1366
::1 - - [27/Jul/2019:22:01:12 +0400] "GET /css/forumform.css HTTP/1.1" 304 -
::1 - - [27/Jul/2019:22:01:12 +0400] "GET /pages/js/script.js HTTP/1.1" 404 216
::1 - - [27/Jul/2019:22:02:12 +0400] "-" 408 -
::1 - - [27/Jul/2019:22:03:14 +0400] "GET /pages/login.php HTTP/1.1" 200 1517
::1 - - [27/Jul/2019:22:03:14 +0400] "GET /style.css HTTP/1.1" 200 1366
::1 - - [27/Jul/2019:22:03:14 +0400] "GET /css/forumform.css HTTP/1.1" 200 455
::1 - - [27/Jul/2019:22:03:14 +0400] "GET /pages/js/script.js HTTP/1.1" 404 216
::1 - - [27/Jul/2019:22:05:41 +0400] "GET /index.php HTTP/1.1" 200 791
::1 - - [27/Jul/2019:22:05:41 +0400] "GET /style.css HTTP/1.1" 304 -
::1 - - [27/Jul/2019:22:05:42 +0400] "GET /pages/aboutus.php HTTP/1.1" 200 778
::1 - - [27/Jul/2019:22:05:42 +0400] "GET /pages/js/script.js HTTP/1.1" 404 216
::1 - - [27/Jul/2019:22:05:43 +0400] "GET /pages/blog.php HTTP/1.1" 200 777
::1 - - [27/Jul/2019:22:05:43 +0400] "GET /pages/js/script.js HTTP/1.1" 404 216
::1 - - [27/Jul/2019:22:05:44 +0400] "GET /pages/contactus.php HTTP/1.1" 200 778
::1 - - [27/Jul/2019:22:05:44 +0400] "GET /pages/js/script.js HTTP/1.1" 404 216
::1 - - [27/Jul/2019:22:05:45 +0400] "GET /pages/login.php HTTP/1.1" 200 777
::1 - - [27/Jul/2019:22:05:46 +0400] "GET /pages/js/script.js HTTP/1.1" 404 216
::1 - - [27/Jul/2019:22:05:47 +0400] "GET /pages/contactus.php HTTP/1.1" 200 778
::1 - - [27/Jul/2019:22:05:47 +0400] "GET /pages/js/script.js HTTP/1.1" 404 216
::1 - - [27/Jul/2019:22:05:48 +0400] "GET /pages/login.php HTTP/1.1" 200 777
::1 - - [27/Jul/2019:22:05:48 +0400] "GET /pages/js/script.js HTTP/1.1" 404 216
::1 - - [27/Jul/2019:22:05:50 +0400] "GET /index.php HTTP/1.1" 200 791
::1 - - [27/Jul/2019:22:06:41 +0400] "-" 408 -
::1 - - [27/Jul/2019:22:09:39 +0400] "GET /pages/aboutus.php HTTP/1.1" 200 734
::1 - - [27/Jul/2019:22:09:40 +0400] "GET /style.css HTTP/1.1" 200 1366
::1 - - [27/Jul/2019:22:09:40 +0400] "GET /pages/js/script.js HTTP/1.1" 404 216
::1 - - [27/Jul/2019:22:09:41 +0400] "GET /pages/blog.php HTTP/1.1" 200 733
::1 - - [27/Jul/2019:22:09:41 +0400] "GET /pages/js/script.js HTTP/1.1" 404 216
::1 - - [27/Jul/2019:22:09:43 +0400] "GET /index.php HTTP/1.1" 200 740
::1 - - [27/Jul/2019:22:09:43 +0400] "GET /js/script.js HTTP/1.1" 304 -
::1 - - [27/Jul/2019:22:09:44 +0400] "GET /pages/contactus.php HTTP/1.1" 200 734
::1 - - [27/Jul/2019:22:09:44 +0400] "GET /pages/js/script.js HTTP/1.1" 404 216
::1 - - [27/Jul/2019:22:09:45 +0400] "GET /pages/blog.php HTTP/1.1" 200 733
::1 - - [27/Jul/2019:22:09:46 +0400] "GET /pages/js/script.js HTTP/1.1" 404 216
::1 - - [27/Jul/2019:22:09:46 +0400] "GET /pages/aboutus.php HTTP/1.1" 200 734
::1 - - [27/Jul/2019:22:09:46 +0400] "GET /pages/js/script.js HTTP/1.1" 404 216
::1 - - [27/Jul/2019:22:09:47 +0400] "GET /index.php HTTP/1.1" 200 740
::1 - - [27/Jul/2019:22:09:48 +0400] "GET /pages/aboutus.php HTTP/1.1" 200 734
::1 - - [27/Jul/2019:22:09:48 +0400] "GET /pages/js/script.js HTTP/1.1" 404 216
::1 - - [27/Jul/2019:22:09:49 +0400] "GET /pages/blog.php HTTP/1.1" 200 733
::1 - - [27/Jul/2019:22:09:49 +0400] "GET /pages/js/script.js HTTP/1.1" 404 216
::1 - - [27/Jul/2019:22:09:50 +0400] "GET /pages/contactus.php HTTP/1.1" 200 734
::1 - - [27/Jul/2019:22:09:50 +0400] "GET /pages/js/script.js HTTP/1.1" 404 216
::1 - - [27/Jul/2019:22:09:51 +0400] "GET /pages/aboutus.php HTTP/1.1" 200 734
::1 - - [27/Jul/2019:22:09:51 +0400] "GET /pages/js/script.js HTTP/1.1" 404 216
::1 - - [27/Jul/2019:22:09:52 +0400] "GET /index.php HTTP/1.1" 200 740
::1 - - [27/Jul/2019:22:23:29 +0400] "GET /phpmyadmin/ HTTP/1.1" 404 209
::1 - - [27/Jul/2019:22:29:09 +0400] "GET /pages/blog.php HTTP/1.1" 200 733
::1 - - [27/Jul/2019:22:29:09 +0400] "GET /style.css HTTP/1.1" 304 -
::1 - - [27/Jul/2019:22:29:09 +0400] "GET /pages/js/script.js HTTP/1.1" 404 216
::1 - - [27/Jul/2019:22:29:09 +0400] "GET /img/background.png HTTP/1.1" 304 -
::1 - - [27/Jul/2019:22:29:26 +0400] "GET /phpmyadmin/index.php HTTP/1.1" 500 1288
::1 - - [27/Jul/2019:22:29:34 +0400] "GET /phpmyadmin/ HTTP/1.1" 500 1288
::1 - - [27/Jul/2019:22:30:03 +0400] "GET /phpmyadmin HTTP/1.1" 301 236
::1 - - [27/Jul/2019:22:30:13 +0400] "GET /phpmyadmin/url.php?url=https%3A%2F%2Fsecure.php.net%2Fmanual%2Fru%2Fbook.mysqli.php HTTP/1.1" 200 196
::1 - - [27/Jul/2019:22:31:13 +0400] "-" 408 -
::1 - - [27/Jul/2019:22:34:14 +0400] "GET /phpmyadmin/ HTTP/1.1" 500 1288
::1 - - [27/Jul/2019:22:34:14 +0400] "GET /phpmyadmin/favicon.ico HTTP/1.1" 200 22486
::1 - - [27/Jul/2019:22:34:35 +0400] "GET /index.php HTTP/1.1" 200 740
::1 - - [27/Jul/2019:22:34:35 +0400] "GET /style.css HTTP/1.1" 304 -
::1 - - [27/Jul/2019:22:34:35 +0400] "GET /js/script.js HTTP/1.1" 304 -
::1 - - [27/Jul/2019:22:39:47 +0400] "GET / HTTP/1.1" 200 740
::1 - - [27/Jul/2019:22:39:48 +0400] "GET /style.css HTTP/1.1" 304 -
::1 - - [27/Jul/2019:22:42:43 +0400] "GET /test.php HTTP/1.1" 200 80647
::1 - - [27/Jul/2019:22:42:44 +0400] "GET /favicon.ico HTTP/1.1" 404 209
::1 - - [27/Jul/2019:22:43:43 +0400] "-" 408 -
::1 - - [27/Jul/2019:22:54:52 +0400] "-" 408 -
::1 - - [27/Jul/2019:22:54:52 +0400] "-" 408 -
::1 - - [27/Jul/2019:22:55:43 +0400] "GET /phpmyadmin/ HTTP/1.1" 500 1288
::1 - - [27/Jul/2019:22:55:44 +0400] "GET /phpmyadmin/favicon.ico HTTP/1.1" 200 22486
::1 - - [27/Jul/2019:22:56:03 +0400] "GET / HTTP/1.1" 200 740
::1 - - [27/Jul/2019:22:56:03 +0400] "GET /style.css HTTP/1.1" 304 -
::1 - - [27/Jul/2019:22:56:03 +0400] "GET /js/script.js HTTP/1.1" 304 -
::1 - - [27/Jul/2019:22:57:12 +0400] "-" 408 -
::1 - - [27/Jul/2019:22:57:12 +0400] "-" 408 -
::1 - - [27/Jul/2019:23:00:21 +0400] "GET /phpmyadmin/ HTTP/1.1" 200 2443
::1 - - [27/Jul/2019:23:00:22 +0400] "GET /phpmyadmin/themes/pmahomme/jquery/jquery-ui.css HTTP/1.1" 200 36566
::1 - - [27/Jul/2019:23:00:22 +0400] "GET /phpmyadmin/js/vendor/codemirror/lib/codemirror.css?v=4.9.0.1 HTTP/1.1" 200 8542
::1 - - [27/Jul/2019:23:00:22 +0400] "GET /phpmyadmin/js/vendor/codemirror/addon/lint/lint.css?v=4.9.0.1 HTTP/1.1" 200 2999
::1 - - [27/Jul/2019:23:00:22 +0400] "GET /phpmyadmin/js/vendor/codemirror/addon/hint/show-hint.css?v=4.9.0.1 HTTP/1.1" 200 623
::1 - - [27/Jul/2019:23:00:22 +0400] "GET /phpmyadmin/js/vendor/jquery/jquery.min.js?v=4.9.0.1 HTTP/1.1" 200 86927
::1 - - [27/Jul/2019:23:00:22 +0400] "GET /phpmyadmin/js/ajax.js?v=4.9.0.1 HTTP/1.1" 200 31246
::1 - - [27/Jul/2019:23:00:22 +0400] "GET /phpmyadmin/js/vendor/sprintf.js?v=4.9.0.1 HTTP/1.1" 200 7387
::1 - - [27/Jul/2019:23:00:22 +0400] "GET /phpmyadmin/js/vendor/jquery/jquery-migrate.js?v=4.9.0.1 HTTP/1.1" 200 17813
::1 - - [27/Jul/2019:23:00:22 +0400] "GET /phpmyadmin/js/keyhandler.js?v=4.9.0.1 HTTP/1.1" 200 3333
::1 - - [27/Jul/2019:23:00:22 +0400] "GET /phpmyadmin/js/vendor/js.cookie.js?v=4.9.0.1 HTTP/1.1" 200 3886
::1 - - [27/Jul/2019:23:00:22 +0400] "GET /phpmyadmin/js/vendor/jquery/jquery.mousewheel.js?v=4.9.0.1 HTTP/1.1" 200 8267
::1 - - [27/Jul/2019:23:00:22 +0400] "GET /phpmyadmin/js/vendor/jquery/jquery.event.drag-2.2.js?v=4.9.0.1 HTTP/1.1" 200 12826
::1 - - [27/Jul/2019:23:00:22 +0400] "GET /phpmyadmin/js/vendor/jquery/jquery.validate.js?v=4.9.0.1 HTTP/1.1" 200 48696
::1 - - [27/Jul/2019:23:00:22 +0400] "GET /phpmyadmin/js/vendor/jquery/jquery.debounce-1.0.5.js?v=4.9.0.1 HTTP/1.1" 200 1169
::1 - - [27/Jul/2019:23:00:22 +0400] "GET /phpmyadmin/js/menu-resizer.js?v=4.9.0.1 HTTP/1.1" 200 8318
::1 - - [27/Jul/2019:23:00:22 +0400] "GET /phpmyadmin/js/cross_framing_protection.js?v=4.9.0.1 HTTP/1.1" 200 471
::1 - - [27/Jul/2019:23:00:22 +0400] "GET /phpmyadmin/js/vendor/jquery/jquery.ba-hashchange-1.3.js?v=4.9.0.1 HTTP/1.1" 200 16522
::1 - - [27/Jul/2019:23:00:22 +0400] "GET /phpmyadmin/js/vendor/jquery/jquery-ui.min.js?v=4.9.0.1 HTTP/1.1" 200 253681
::1 - - [27/Jul/2019:23:00:22 +0400] "GET /phpmyadmin/js/vendor/jquery/jquery-ui-timepicker-addon.js?v=4.9.0.1 HTTP/1.1" 200 78475
::1 - - [27/Jul/2019:23:00:22 +0400] "GET /phpmyadmin/js/rte.js?v=4.9.0.1 HTTP/1.1" 200 47688
::1 - - [27/Jul/2019:23:00:22 +0400] "GET /phpmyadmin/js/vendor/tracekit.js?v=4.9.0.1 HTTP/1.1" 200 45389
::1 - - [27/Jul/2019:23:00:22 +0400] "GET /phpmyadmin/js/error_report.js?v=4.9.0.1 HTTP/1.1" 200 10837
::1 - - [27/Jul/2019:23:00:22 +0400] "GET /phpmyadmin/js/config.js?v=4.9.0.1 HTTP/1.1" 200 27526
::1 - - [27/Jul/2019:23:00:22 +0400] "GET /phpmyadmin/js/navigation.js?v=4.9.0.1 HTTP/1.1" 200 59988
::1 - - [27/Jul/2019:23:00:22 +0400] "GET /phpmyadmin/js/doclinks.js?v=4.9.0.1 HTTP/1.1" 200 20643
::1 - - [27/Jul/2019:23:00:22 +0400] "GET /phpmyadmin/js/common.js?v=4.9.0.1 HTTP/1.1" 200 19196
::1 - - [27/Jul/2019:23:00:22 +0400] "GET /phpmyadmin/js/page_settings.js?v=4.9.0.1 HTTP/1.1" 200 1749
::1 - - [27/Jul/2019:23:00:22 +0400] "GET /phpmyadmin/js/indexes.js?v=4.9.0.1 HTTP/1.1" 200 27654
::1 - - [27/Jul/2019:23:00:22 +0400] "GET /phpmyadmin/js/messages.php?l=ru&v=4.9.0.1 HTTP/1.1" 200 11654
::1 - - [27/Jul/2019:23:00:23 +0400] "GET /phpmyadmin/js/vendor/codemirror/mode/sql/sql.js?v=4.9.0.1 HTTP/1.1" 200 45323
::1 - - [27/Jul/2019:23:00:22 +0400] "GET /phpmyadmin/js/shortcuts_handler.js?v=4.9.0.1 HTTP/1.1" 200 3264
::1 - - [27/Jul/2019:23:00:23 +0400] "GET /phpmyadmin/js/vendor/codemirror/addon/hint/show-hint.js?v=4.9.0.1 HTTP/1.1" 200 15909
::1 - - [27/Jul/2019:23:00:23 +0400] "GET /phpmyadmin/js/vendor/codemirror/addon/runmode/runmode.js?v=4.9.0.1 HTTP/1.1" 200 2499
::1 - - [27/Jul/2019:23:00:23 +0400] "GET /phpmyadmin/js/vendor/codemirror/addon/lint/lint.js?v=4.9.0.1 HTTP/1.1" 200 8609
::1 - - [27/Jul/2019:23:00:22 +0400] "GET /phpmyadmin/js/functions.js?v=4.9.0.1 HTTP/1.1" 200 175177
::1 - - [27/Jul/2019:23:00:23 +0400] "GET /phpmyadmin/js/vendor/codemirror/addon/hint/sql-hint.js?v=4.9.0.1 HTTP/1.1" 200 9148
::1 - - [27/Jul/2019:23:00:23 +0400] "GET /phpmyadmin/js/console.js?v=4.9.0.1 HTTP/1.1" 200 57280
::1 - - [27/Jul/2019:23:00:23 +0400] "GET /phpmyadmin/js/codemirror/addon/lint/sql-lint.js?v=4.9.0.1 HTTP/1.1" 200 1048
::1 - - [27/Jul/2019:23:00:23 +0400] "GET /phpmyadmin/themes/dot.gif HTTP/1.1" 200 43
::1 - - [27/Jul/2019:23:00:23 +0400] "GET /phpmyadmin/themes/pmahomme/css/printview.css?v=4.9.0.1 HTTP/1.1" 200 2746
::1 - - [27/Jul/2019:23:00:23 +0400] "GET /phpmyadmin/js/vendor/codemirror/lib/codemirror.js?v=4.9.0.1 HTTP/1.1" 200 373234
::1 - - [27/Jul/2019:23:00:22 +0400] "GET /phpmyadmin/phpmyadmin.css.php?nocache=4683581180ltr&server=1 HTTP/1.1" 200 20812
::1 - - [27/Jul/2019:23:00:22 +0400] "GET /phpmyadmin/js/whitelist.php?v=4.9.0.1 HTTP/1.1" 200 491
::1 - - [27/Jul/2019:23:00:23 +0400] "GET /phpmyadmin/themes/pmahomme/img/b_help.png HTTP/1.1" 200 705
::1 - - [27/Jul/2019:23:00:23 +0400] "GET /phpmyadmin/themes/pmahomme/img/s_error.png HTTP/1.1" 200 614
::1 - - [27/Jul/2019:23:00:24 +0400] "GET /phpmyadmin/favicon.ico HTTP/1.1" 200 22486
::1 - - [27/Jul/2019:23:06:07 +0400] "GET /phpmyadmin/ HTTP/1.1" 200 15888
::1 - - [27/Jul/2019:23:06:09 +0400] "GET /phpmyadmin/themes/pmahomme/img/logo_left.png HTTP/1.1" 200 2713
::1 - - [27/Jul/2019:23:06:09 +0400] "GET /phpmyadmin/phpmyadmin.css.php?nocache=6247835547ltr&server=1 HTTP/1.1" 200 20812
::1 - - [27/Jul/2019:23:06:10 +0400] "GET /phpmyadmin/themes/pmahomme/img/left_nav_bg.png HTTP/1.1" 200 146
::1 - - [27/Jul/2019:23:06:10 +0400] "GET /phpmyadmin/themes/pmahomme/img/b_docs.png HTTP/1.1" 200 705
::1 - - [27/Jul/2019:23:06:10 +0400] "GET /phpmyadmin/themes/pmahomme/img/b_sqlhelp.png HTTP/1.1" 200 512
::1 - - [27/Jul/2019:23:06:10 +0400] "GET /phpmyadmin/themes/pmahomme/img/s_cog.png HTTP/1.1" 200 442
::1 - - [27/Jul/2019:23:06:10 +0400] "GET /phpmyadmin/themes/pmahomme/img/s_reload.png HTTP/1.1" 200 527
::1 - - [27/Jul/2019:23:06:10 +0400] "GET /phpmyadmin/themes/pmahomme/img/s_loggoff.png HTTP/1.1" 200 626
::1 - - [27/Jul/2019:23:06:10 +0400] "GET /phpmyadmin/themes/pmahomme/img/s_link.png HTTP/1.1" 200 280
::1 - - [27/Jul/2019:23:06:10 +0400] "GET /phpmyadmin/themes/pmahomme/img/b_newdb.png HTTP/1.1" 200 585
::1 - - [27/Jul/2019:23:06:10 +0400] "GET /phpmyadmin/themes/pmahomme/img/ajax_clock_small.gif HTTP/1.1" 200 1810
::1 - - [27/Jul/2019:23:06:10 +0400] "GET /phpmyadmin/themes/pmahomme/img/b_home.png HTTP/1.1" 200 734
::1 - - [27/Jul/2019:23:06:10 +0400] "GET /phpmyadmin/themes/pmahomme/img/b_plus.png HTTP/1.1" 200 143
::1 - - [27/Jul/2019:23:06:10 +0400] "GET /phpmyadmin/themes/pmahomme/img/s_db.png HTTP/1.1" 200 328
::1 - - [27/Jul/2019:23:06:10 +0400] "GET /phpmyadmin/themes/pmahomme/img/s_host.png HTTP/1.1" 200 591
::1 - - [27/Jul/2019:23:06:10 +0400] "GET /phpmyadmin/themes/pmahomme/img/b_sql.png HTTP/1.1" 200 680
::1 - - [27/Jul/2019:23:06:10 +0400] "GET /phpmyadmin/themes/pmahomme/img/s_status.png HTTP/1.1" 200 600
::1 - - [27/Jul/2019:23:06:10 +0400] "GET /phpmyadmin/themes/pmahomme/img/s_rights.png HTTP/1.1" 200 461
::1 - - [27/Jul/2019:23:06:10 +0400] "GET /phpmyadmin/themes/pmahomme/img/b_export.png HTTP/1.1" 200 514
::1 - - [27/Jul/2019:23:06:10 +0400] "GET /phpmyadmin/themes/pmahomme/img/b_import.png HTTP/1.1" 200 556
::1 - - [27/Jul/2019:23:06:10 +0400] "GET /phpmyadmin/themes/pmahomme/img/b_tblops.png HTTP/1.1" 200 537
::1 - - [27/Jul/2019:23:06:10 +0400] "GET /phpmyadmin/themes/pmahomme/img/s_tbl.png HTTP/1.1" 200 645
::1 - - [27/Jul/2019:23:06:10 +0400] "GET /phpmyadmin/themes/pmahomme/img/s_replication.png HTTP/1.1" 200 399
::1 - - [27/Jul/2019:23:06:10 +0400] "GET /phpmyadmin/themes/pmahomme/img/s_vars.png HTTP/1.1" 200 523
::1 - - [27/Jul/2019:23:06:10 +0400] "GET /phpmyadmin/themes/pmahomme/img/s_asci.png HTTP/1.1" 200 148
::1 - - [27/Jul/2019:23:06:10 +0400] "GET /phpmyadmin/themes/pmahomme/img/b_engine.png HTTP/1.1" 200 398
::1 - - [27/Jul/2019:23:06:10 +0400] "GET /phpmyadmin/themes/pmahomme/img/b_plugin.png HTTP/1.1" 200 512
::1 - - [27/Jul/2019:23:06:10 +0400] "GET /phpmyadmin/themes/pmahomme/img/s_top.png HTTP/1.1" 200 220
::1 - - [27/Jul/2019:23:06:10 +0400] "GET /phpmyadmin/themes/pmahomme/img/console.png HTTP/1.1" 200 292
::1 - - [27/Jul/2019:23:06:10 +0400] "GET /phpmyadmin/themes/pmahomme/img/s_lang.png HTTP/1.1" 200 659
::1 - - [27/Jul/2019:23:06:10 +0400] "GET /phpmyadmin/themes/pmahomme/img/s_theme.png HTTP/1.1" 200 772
::1 - - [27/Jul/2019:23:06:10 +0400] "GET /phpmyadmin/themes/pmahomme/img/s_notice.png HTTP/1.1" 200 567
::1 - - [27/Jul/2019:23:06:10 +0400] "GET /phpmyadmin/themes/pmahomme/img/window-new.png HTTP/1.1" 200 468
::1 - - [27/Jul/2019:23:06:11 +0400] "POST /phpmyadmin/ajax.php HTTP/1.1" 200 1641
::1 - - [27/Jul/2019:23:06:11 +0400] "GET /phpmyadmin/themes/pmahomme/img/b_more.png HTTP/1.1" 200 111
::1 - - [27/Jul/2019:23:06:11 +0400] "POST /phpmyadmin/ajax.php HTTP/1.1" 200 1735
::1 - - [27/Jul/2019:23:06:11 +0400] "POST /phpmyadmin/navigation.php?ajax_request=1 HTTP/1.1" 200 2387
::1 - - [27/Jul/2019:23:06:12 +0400] "GET /phpmyadmin/favicon.ico HTTP/1.1" 200 22486
::1 - - [27/Jul/2019:23:06:12 +0400] "POST /phpmyadmin/ajax.php HTTP/1.1" 200 1631
::1 - - [27/Jul/2019:23:06:12 +0400] "POST /phpmyadmin/version_check.php HTTP/1.1" 200 28
::1 - - [27/Jul/2019:23:09:24 +0400] "GET / HTTP/1.1" 200 740
::1 - - [27/Jul/2019:23:09:24 +0400] "GET /style.css HTTP/1.1" 304 -
::1 - - [27/Jul/2019:23:09:26 +0400] "GET /img/background.png HTTP/1.1" 304 -
::1 - - [27/Jul/2019:23:09:32 +0400] "GET /phpmyadmin/ HTTP/1.1" 200 15888
::1 - - [27/Jul/2019:23:09:32 +0400] "GET /phpmyadmin/phpmyadmin.css.php?nocache=6247835552ltr&server=1 HTTP/1.1" 200 20812
::1 - - [27/Jul/2019:23:09:39 +0400] "GET /php/login.php HTTP/1.1" 200 -
::1 - - [27/Jul/2019:23:10:00 +0400] "GET /php/login.php HTTP/1.1" 200 142
::1 - - [27/Jul/2019:23:11:00 +0400] "-" 408 -
::1 - - [27/Jul/2019:23:20:15 +0400] "GET / HTTP/1.1" 200 740
::1 - - [27/Jul/2019:23:20:15 +0400] "GET /style.css HTTP/1.1" 304 -
::1 - - [27/Jul/2019:23:20:15 +0400] "GET /js/script.js HTTP/1.1" 304 -
::1 - - [27/Jul/2019:23:21:51 +0400] "GET /php/login.php HTTP/1.1" 200 999
::1 - - [27/Jul/2019:23:22:37 +0400] "GET /php/login.php HTTP/1.1" 200 1035
::1 - - [27/Jul/2019:23:22:48 +0400] "GET /php/login.php HTTP/1.1" 200 1035
::1 - - [27/Jul/2019:23:23:20 +0400] "GET /php/login.php HTTP/1.1" 200 1056
::1 - - [27/Jul/2019:23:25:11 +0400] "GET /php/login.php HTTP/1.1" 200 1063
::1 - - [27/Jul/2019:23:25:13 +0400] "GET /php/login.php HTTP/1.1" 200 1063
::1 - - [27/Jul/2019:23:27:22 +0400] "GET /php/login.php HTTP/1.1" 200 1053
::1 - - [27/Jul/2019:23:28:40 +0400] "GET /php/login.php HTTP/1.1" 200 1058
::1 - - [27/Jul/2019:23:30:07 +0400] "POST /phpmyadmin/index.php HTTP/1.1" 200 1631
::1 - - [27/Jul/2019:23:31:03 +0400] "GET /php/login.php HTTP/1.1" 200 1078
::1 - - [27/Jul/2019:23:32:03 +0400] "-" 408 -
::1 - - [27/Jul/2019:23:32:38 +0400] "POST /phpmyadmin/index.php HTTP/1.1" 200 1631
::1 - - [27/Jul/2019:23:32:40 +0400] "POST /phpmyadmin/index.php HTTP/1.1" 200 1631
::1 - - [27/Jul/2019:23:33:38 +0400] "GET /php/login.php HTTP/1.1" 200 1108
::1 - - [27/Jul/2019:23:34:11 +0400] "GET /php/login.php HTTP/1.1" 200 1149
::1 - - [27/Jul/2019:23:34:39 +0400] "GET /php/login.php HTTP/1.1" 200 1149
::1 - - [27/Jul/2019:23:35:39 +0400] "-" 408 -
::1 - - [27/Jul/2019:23:37:01 +0400] "GET /php/login.php HTTP/1.1" 200 1180
::1 - - [27/Jul/2019:23:56:40 +0400] "POST /phpmyadmin/index.php HTTP/1.1" 200 1631
::1 - - [27/Jul/2019:23:56:42 +0400] "POST /phpmyadmin/index.php HTTP/1.1" 200 1631
::1 - - [28/Jul/2019:00:18:35 +0400] "GET /php/login.php HTTP/1.1" 200 1184
::1 - - [28/Jul/2019:00:19:08 +0400] "GET /php/login.php HTTP/1.1" 200 1176
::1 - - [28/Jul/2019:00:20:08 +0400] "-" 408 -
::1 - - [28/Jul/2019:00:20:37 +0400] "GET /php/login.php HTTP/1.1" 200 1206
::1 - - [28/Jul/2019:00:20:42 +0400] "POST /phpmyadmin/index.php HTTP/1.1" 200 1631
::1 - - [28/Jul/2019:00:20:44 +0400] "POST /phpmyadmin/index.php HTTP/1.1" 200 1631
::1 - - [28/Jul/2019:00:21:43 +0400] "GET /php/login.php HTTP/1.1" 200 1273
::1 - - [28/Jul/2019:00:22:36 +0400] "GET /php/login.php HTTP/1.1" 200 1259
::1 - - [28/Jul/2019:00:23:10 +0400] "GET /php/login.php HTTP/1.1" 200 1240
::1 - - [28/Jul/2019:00:23:20 +0400] "GET /php/login.php HTTP/1.1" 200 1259
::1 - - [28/Jul/2019:00:23:29 +0400] "GET /php/login.php HTTP/1.1" 200 1240
::1 - - [28/Jul/2019:00:24:19 +0400] "GET /php/login.php HTTP/1.1" 200 1274
::1 - - [28/Jul/2019:00:24:30 +0400] "GET /php/login.php HTTP/1.1" 200 1274
::1 - - [28/Jul/2019:00:24:32 +0400] "GET /php/login.php HTTP/1.1" 200 1274
::1 - - [28/Jul/2019:00:25:30 +0400] "-" 408 -
::1 - - [28/Jul/2019:00:26:10 +0400] "GET /php/login.php HTTP/1.1" 200 1255
::1 - - [28/Jul/2019:00:26:39 +0400] "GET /php/login.php HTTP/1.1" 200 1257
::1 - - [28/Jul/2019:00:27:06 +0400] "POST /phpmyadmin/index.php HTTP/1.1" 302 8603
::1 - - [28/Jul/2019:00:27:07 +0400] "GET /phpmyadmin/index.php HTTP/1.1" 200 15889
::1 - - [28/Jul/2019:00:27:07 +0400] "GET /phpmyadmin/js/messages.php?l=ru&v=4.9.0.1 HTTP/1.1" 200 11654
::1 - - [28/Jul/2019:00:27:07 +0400] "GET /phpmyadmin/phpmyadmin.css.php?nocache=6247840407ltr&server=1 HTTP/1.1" 200 20812
::1 - - [28/Jul/2019:00:27:08 +0400] "POST /phpmyadmin/ajax.php HTTP/1.1" 200 1641
::1 - - [28/Jul/2019:00:27:08 +0400] "POST /phpmyadmin/navigation.php?ajax_request=1 HTTP/1.1" 200 2387
::1 - - [28/Jul/2019:00:27:08 +0400] "POST /phpmyadmin/ajax.php HTTP/1.1" 200 1738
::1 - - [28/Jul/2019:00:27:09 +0400] "POST /phpmyadmin/ajax.php HTTP/1.1" 200 1631
::1 - - [28/Jul/2019:00:27:09 +0400] "POST /phpmyadmin/version_check.php HTTP/1.1" 200 28
::1 - - [28/Jul/2019:00:27:29 +0400] "GET /phpmyadmin/server_sql.php?ajax_request=true&ajax_page_request=true&_nocache=1564259249439786690&token=%5BDmP%5C3%407xzHVre*F HTTP/1.1" 200 5094
::1 - - [28/Jul/2019:00:27:30 +0400] "GET /phpmyadmin/js/vendor/jquery/jquery.uitablefilter.js?v=4.9.0.1 HTTP/1.1" 200 3479
::1 - - [28/Jul/2019:00:27:30 +0400] "GET /phpmyadmin/js/sql.js?v=4.9.0.1 HTTP/1.1" 200 38441
::1 - - [28/Jul/2019:00:27:30 +0400] "GET /phpmyadmin/js/makegrid.js?v=4.9.0.1 HTTP/1.1" 200 98729
::1 - - [28/Jul/2019:00:27:34 +0400] "GET /phpmyadmin/themes/pmahomme/img/s_lock.png HTTP/1.1" 200 667
::1 - - [28/Jul/2019:00:27:34 +0400] "POST /phpmyadmin/db_sql_autocomplete.php HTTP/1.1" 200 1634
::1 - - [28/Jul/2019:00:27:35 +0400] "POST /phpmyadmin/lint.php HTTP/1.1" 200 176
::1 - - [28/Jul/2019:00:27:36 +0400] "POST /phpmyadmin/lint.php HTTP/1.1" 200 161
::1 - - [28/Jul/2019:00:27:36 +0400] "POST /phpmyadmin/lint.php HTTP/1.1" 200 161
::1 - - [28/Jul/2019:00:27:42 +0400] "POST /phpmyadmin/lint.php HTTP/1.1" 200 28
::1 - - [28/Jul/2019:00:27:44 +0400] "POST /phpmyadmin/lint.php HTTP/1.1" 200 161
::1 - - [28/Jul/2019:00:27:44 +0400] "POST /phpmyadmin/lint.php HTTP/1.1" 200 161
::1 - - [28/Jul/2019:00:27:53 +0400] "POST /phpmyadmin/lint.php HTTP/1.1" 200 28
::1 - - [28/Jul/2019:00:27:54 +0400] "POST /phpmyadmin/lint.php HTTP/1.1" 200 28
::1 - - [28/Jul/2019:00:27:55 +0400] "POST /phpmyadmin/lint.php HTTP/1.1" 200 28
::1 - - [28/Jul/2019:00:27:57 +0400] "POST /phpmyadmin/lint.php HTTP/1.1" 200 28
::1 - - [28/Jul/2019:00:28:00 +0400] "POST /phpmyadmin/lint.php HTTP/1.1" 200 28
::1 - - [28/Jul/2019:00:28:02 +0400] "POST /phpmyadmin/lint.php HTTP/1.1" 200 28
::1 - - [28/Jul/2019:00:28:05 +0400] "POST /phpmyadmin/lint.php HTTP/1.1" 200 28
::1 - - [28/Jul/2019:00:28:06 +0400] "POST /phpmyadmin/lint.php HTTP/1.1" 200 28
::1 - - [28/Jul/2019:00:28:07 +0400] "POST /phpmyadmin/lint.php HTTP/1.1" 200 28
::1 - - [28/Jul/2019:00:28:12 +0400] "POST /phpmyadmin/lint.php HTTP/1.1" 200 212
::1 - - [28/Jul/2019:00:28:13 +0400] "POST /phpmyadmin/lint.php HTTP/1.1" 200 28
::1 - - [28/Jul/2019:00:28:14 +0400] "POST /phpmyadmin/lint.php HTTP/1.1" 200 28
::1 - - [28/Jul/2019:00:28:17 +0400] "POST /phpmyadmin/lint.php HTTP/1.1" 200 28
::1 - - [28/Jul/2019:00:28:19 +0400] "POST /phpmyadmin/lint.php HTTP/1.1" 200 28
::1 - - [28/Jul/2019:00:28:20 +0400] "POST /phpmyadmin/lint.php HTTP/1.1" 200 28
::1 - - [28/Jul/2019:00:28:21 +0400] "POST /phpmyadmin/lint.php HTTP/1.1" 200 28
::1 - - [28/Jul/2019:00:28:23 +0400] "POST /phpmyadmin/lint.php HTTP/1.1" 200 171
::1 - - [28/Jul/2019:00:28:23 +0400] "POST /phpmyadmin/lint.php HTTP/1.1" 200 28
::1 - - [28/Jul/2019:00:28:24 +0400] "POST /phpmyadmin/lint.php HTTP/1.1" 200 28
::1 - - [28/Jul/2019:00:28:26 +0400] "POST /phpmyadmin/lint.php HTTP/1.1" 200 28
::1 - - [28/Jul/2019:00:28:29 +0400] "POST /phpmyadmin/lint.php HTTP/1.1" 200 28
::1 - - [28/Jul/2019:00:28:30 +0400] "POST /phpmyadmin/lint.php HTTP/1.1" 200 28
::1 - - [28/Jul/2019:00:28:30 +0400] "POST /phpmyadmin/lint.php HTTP/1.1" 200 28
::1 - - [28/Jul/2019:00:28:32 +0400] "POST /phpmyadmin/lint.php HTTP/1.1" 200 28
::1 - - [28/Jul/2019:00:28:34 +0400] "POST /phpmyadmin/lint.php HTTP/1.1" 200 28
::1 - - [28/Jul/2019:00:28:35 +0400] "POST /phpmyadmin/lint.php HTTP/1.1" 200 28
::1 - - [28/Jul/2019:00:28:37 +0400] "POST /phpmyadmin/lint.php HTTP/1.1" 200 28
::1 - - [28/Jul/2019:00:28:39 +0400] "POST /phpmyadmin/lint.php HTTP/1.1" 200 28
::1 - - [28/Jul/2019:00:28:42 +0400] "POST /phpmyadmin/lint.php HTTP/1.1" 200 28
::1 - - [28/Jul/2019:00:28:49 +0400] "POST /phpmyadmin/lint.php HTTP/1.1" 200 28
::1 - - [28/Jul/2019:00:28:57 +0400] "POST /phpmyadmin/lint.php HTTP/1.1" 200 28
::1 - - [28/Jul/2019:00:28:58 +0400] "POST /phpmyadmin/lint.php HTTP/1.1" 200 28
::1 - - [28/Jul/2019:00:29:00 +0400] "POST /phpmyadmin/lint.php HTTP/1.1" 200 28
::1 - - [28/Jul/2019:00:29:00 +0400] "POST /phpmyadmin/lint.php HTTP/1.1" 200 28
::1 - - [28/Jul/2019:00:29:01 +0400] "POST /phpmyadmin/lint.php HTTP/1.1" 200 28
::1 - - [28/Jul/2019:00:29:02 +0400] "POST /phpmyadmin/lint.php HTTP/1.1" 200 28
::1 - - [28/Jul/2019:00:29:03 +0400] "POST /phpmyadmin/lint.php HTTP/1.1" 200 28
::1 - - [28/Jul/2019:00:29:04 +0400] "POST /phpmyadmin/lint.php HTTP/1.1" 200 28
::1 - - [28/Jul/2019:00:29:05 +0400] "POST /phpmyadmin/lint.php HTTP/1.1" 200 28
::1 - - [28/Jul/2019:00:29:07 +0400] "POST /phpmyadmin/lint.php HTTP/1.1" 200 28
::1 - - [28/Jul/2019:00:29:08 +0400] "POST /phpmyadmin/lint.php HTTP/1.1" 200 28
::1 - - [28/Jul/2019:00:29:12 +0400] "POST /phpmyadmin/lint.php HTTP/1.1" 200 28
::1 - - [28/Jul/2019:00:29:14 +0400] "POST /phpmyadmin/lint.php HTTP/1.1" 200 28
::1 - - [28/Jul/2019:00:29:16 +0400] "POST /phpmyadmin/lint.php HTTP/1.1" 200 28
::1 - - [28/Jul/2019:00:29:17 +0400] "POST /phpmyadmin/lint.php HTTP/1.1" 200 28
::1 - - [28/Jul/2019:00:29:19 +0400] "POST /phpmyadmin/lint.php HTTP/1.1" 200 28
::1 - - [28/Jul/2019:00:29:21 +0400] "POST /phpmyadmin/lint.php HTTP/1.1" 200 28
::1 - - [28/Jul/2019:00:29:26 +0400] "POST /phpmyadmin/lint.php HTTP/1.1" 200 28
::1 - - [28/Jul/2019:00:29:31 +0400] "POST /phpmyadmin/lint.php HTTP/1.1" 200 28
::1 - - [28/Jul/2019:00:29:32 +0400] "POST /phpmyadmin/lint.php HTTP/1.1" 200 28
::1 - - [28/Jul/2019:00:29:34 +0400] "POST /phpmyadmin/lint.php HTTP/1.1" 200 28
::1 - - [28/Jul/2019:00:29:35 +0400] "POST /phpmyadmin/lint.php HTTP/1.1" 200 28
::1 - - [28/Jul/2019:00:29:36 +0400] "POST /phpmyadmin/lint.php HTTP/1.1" 200 28
::1 - - [28/Jul/2019:00:29:43 +0400] "POST /phpmyadmin/lint.php HTTP/1.1" 200 28
::1 - - [28/Jul/2019:00:29:44 +0400] "POST /phpmyadmin/lint.php HTTP/1.1" 200 28
::1 - - [28/Jul/2019:00:29:45 +0400] "POST /phpmyadmin/lint.php HTTP/1.1" 200 28
::1 - - [28/Jul/2019:00:29:59 +0400] "POST /phpmyadmin/lint.php HTTP/1.1" 200 28
::1 - - [28/Jul/2019:00:30:01 +0400] "POST /phpmyadmin/lint.php HTTP/1.1" 200 28
::1 - - [28/Jul/2019:00:30:04 +0400] "POST /phpmyadmin/lint.php HTTP/1.1" 200 28
::1 - - [28/Jul/2019:00:30:06 +0400] "POST /phpmyadmin/lint.php HTTP/1.1" 200 28
::1 - - [28/Jul/2019:00:30:07 +0400] "POST /phpmyadmin/lint.php HTTP/1.1" 200 28
::1 - - [28/Jul/2019:00:30:09 +0400] "POST /phpmyadmin/lint.php HTTP/1.1" 200 28
::1 - - [28/Jul/2019:00:30:14 +0400] "POST /phpmyadmin/lint.php HTTP/1.1" 200 28
::1 - - [28/Jul/2019:00:30:15 +0400] "POST /phpmyadmin/lint.php HTTP/1.1" 200 28
::1 - - [28/Jul/2019:00:30:21 +0400] "POST /phpmyadmin/lint.php HTTP/1.1" 200 28
::1 - - [28/Jul/2019:00:30:22 +0400] "POST /phpmyadmin/lint.php HTTP/1.1" 200 28
::1 - - [28/Jul/2019:00:30:24 +0400] "POST /phpmyadmin/lint.php HTTP/1.1" 200 28
::1 - - [28/Jul/2019:00:30:25 +0400] "POST /phpmyadmin/lint.php HTTP/1.1" 200 28
::1 - - [28/Jul/2019:00:30:28 +0400] "POST /phpmyadmin/lint.php HTTP/1.1" 200 28
::1 - - [28/Jul/2019:00:30:30 +0400] "POST /phpmyadmin/lint.php HTTP/1.1" 200 28
::1 - - [28/Jul/2019:00:30:31 +0400] "POST /phpmyadmin/lint.php HTTP/1.1" 200 162
::1 - - [28/Jul/2019:00:30:33 +0400] "POST /phpmyadmin/lint.php HTTP/1.1" 200 28
::1 - - [28/Jul/2019:00:30:48 +0400] "POST /phpmyadmin/lint.php HTTP/1.1" 200 28
::1 - - [28/Jul/2019:00:30:50 +0400] "POST /phpmyadmin/lint.php HTTP/1.1" 200 28
::1 - - [28/Jul/2019:00:30:51 +0400] "POST /phpmyadmin/lint.php HTTP/1.1" 200 28
::1 - - [28/Jul/2019:00:30:51 +0400] "POST /phpmyadmin/lint.php HTTP/1.1" 200 28
::1 - - [28/Jul/2019:00:30:54 +0400] "POST /phpmyadmin/lint.php HTTP/1.1" 200 28
::1 - - [28/Jul/2019:00:30:55 +0400] "POST /phpmyadmin/lint.php HTTP/1.1" 200 28
::1 - - [28/Jul/2019:00:30:56 +0400] "POST /phpmyadmin/lint.php HTTP/1.1" 200 28
::1 - - [28/Jul/2019:00:30:58 +0400] "POST /phpmyadmin/lint.php HTTP/1.1" 200 28
::1 - - [28/Jul/2019:00:30:58 +0400] "POST /phpmyadmin/lint.php HTTP/1.1" 200 28
::1 - - [28/Jul/2019:00:31:01 +0400] "POST /phpmyadmin/lint.php HTTP/1.1" 200 28
::1 - - [28/Jul/2019:00:31:01 +0400] "POST /phpmyadmin/lint.php HTTP/1.1" 200 28
::1 - - [28/Jul/2019:00:31:02 +0400] "POST /phpmyadmin/lint.php HTTP/1.1" 200 28
::1 - - [28/Jul/2019:00:31:13 +0400] "POST /phpmyadmin/lint.php HTTP/1.1" 200 28
::1 - - [28/Jul/2019:00:31:21 +0400] "POST /phpmyadmin/import.php HTTP/1.1" 200 662
::1 - - [28/Jul/2019:00:31:49 +0400] "POST /phpmyadmin/lint.php HTTP/1.1" 200 28
::1 - - [28/Jul/2019:00:32:11 +0400] "POST /phpmyadmin/lint.php HTTP/1.1" 200 28
::1 - - [28/Jul/2019:00:32:13 +0400] "POST /phpmyadmin/lint.php HTTP/1.1" 200 28
::1 - - [28/Jul/2019:00:32:15 +0400] "POST /phpmyadmin/lint.php HTTP/1.1" 200 28
::1 - - [28/Jul/2019:00:32:17 +0400] "POST /phpmyadmin/import.php HTTP/1.1" 200 2282
::1 - - [28/Jul/2019:00:32:19 +0400] "GET /phpmyadmin/themes/pmahomme/img/s_success.png HTTP/1.1" 200 465
::1 - - [28/Jul/2019:00:32:19 +0400] "POST /phpmyadmin/navigation.php?ajax_request=1 HTTP/1.1" 200 2434
::1 - - [28/Jul/2019:00:32:29 +0400] "GET /phpmyadmin/navigation.php?ajax_request=1&aPath=cm9vdA%3D%3D.aGVsaW9zZXhw&vPath=cm9vdA%3D%3D.aGVsaW9zZXhw&pos=0&pos2_name=&pos2_value=&searchClause=&searchClause2=&_nocache=1564259549335730079&token=%5BDmP%5C3%407xzHVre*F HTTP/1.1" 200 2008
::1 - - [28/Jul/2019:00:32:29 +0400] "GET /phpmyadmin/themes/pmahomme/img/b_minus.png HTTP/1.1" 200 123
::1 - - [28/Jul/2019:00:32:29 +0400] "GET /phpmyadmin/themes/pmahomme/img/b_table_add.png HTTP/1.1" 200 571
::1 - - [28/Jul/2019:00:32:29 +0400] "GET /phpmyadmin/themes/pmahomme/img/b_props.png HTTP/1.1" 200 573
::1 - - [28/Jul/2019:00:32:31 +0400] "GET /phpmyadmin/sql.php?server=1&db=heliosexp&table=users&pos=0&ajax_request=true&ajax_page_request=true&_nocache=1564259551503526353&token=%5BDmP%5C3%407xzHVre*F HTTP/1.1" 200 5574
::1 - - [28/Jul/2019:00:32:32 +0400] "GET /phpmyadmin/themes/pmahomme/img/b_search.png HTTP/1.1" 200 538
::1 - - [28/Jul/2019:00:32:32 +0400] "GET /phpmyadmin/themes/pmahomme/img/b_browse.png HTTP/1.1" 200 486
::1 - - [28/Jul/2019:00:32:32 +0400] "GET /phpmyadmin/themes/pmahomme/img/b_insrow.png HTTP/1.1" 200 157
::1 - - [28/Jul/2019:00:32:32 +0400] "GET /phpmyadmin/themes/pmahomme/img/b_tblexport.png HTTP/1.1" 200 514
::1 - - [28/Jul/2019:00:32:32 +0400] "GET /phpmyadmin/themes/pmahomme/img/b_tblimport.png HTTP/1.1" 200 556
::1 - - [28/Jul/2019:00:32:32 +0400] "GET /phpmyadmin/themes/pmahomme/img/b_triggers.png HTTP/1.1" 200 446
::1 - - [28/Jul/2019:00:32:32 +0400] "GET /phpmyadmin/themes/pmahomme/img/b_view_add.png HTTP/1.1" 200 678
::1 - - [28/Jul/2019:00:32:32 +0400] "GET /phpmyadmin/js/tbl_change.js?v=4.9.0.1 HTTP/1.1" 200 28561
::1 - - [28/Jul/2019:00:32:32 +0400] "GET /phpmyadmin/js/multi_column_sort.js?v=4.9.0.1 HTTP/1.1" 200 3285
::1 - - [28/Jul/2019:00:32:32 +0400] "GET /phpmyadmin/js/gis_data_editor.js?v=4.9.0.1 HTTP/1.1" 200 14771
::1 - - [28/Jul/2019:00:32:32 +0400] "GET /phpmyadmin/index.php?ajax_request=1&recent_table=1&no_debug=true&_nocache=1564259552579644311&token=%5BDmP%5C3%407xzHVre*F HTTP/1.1" 200 1692
::1 - - [28/Jul/2019:00:33:43 +0400] "GET /php/login.php HTTP/1.1" 200 1105
::1 - - [28/Jul/2019:00:34:39 +0400] "GET /php/login.php HTTP/1.1" 200 1155
::1 - - [28/Jul/2019:00:35:03 +0400] "GET /php/login.php HTTP/1.1" 200 1176
::1 - - [28/Jul/2019:00:35:14 +0400] "GET /php/login.php HTTP/1.1" 200 1176
::1 - - [28/Jul/2019:00:35:27 +0400] "GET /php/login.php HTTP/1.1" 200 1175
::1 - - [28/Jul/2019:00:36:04 +0400] "GET /php/login.php HTTP/1.1" 200 1157
::1 - - [28/Jul/2019:00:36:18 +0400] "GET /php/login.php HTTP/1.1" 200 1182
::1 - - [28/Jul/2019:00:36:34 +0400] "GET /php/login.php HTTP/1.1" 200 1182
::1 - - [28/Jul/2019:00:37:34 +0400] "-" 408 -
::1 - - [28/Jul/2019:00:42:12 +0400] "GET /php/register.php HTTP/1.1" 200 1092
::1 - - [28/Jul/2019:00:43:12 +0400] "-" 408 -
::1 - - [28/Jul/2019:00:44:30 +0400] "GET /php/register.php HTTP/1.1" 200 1317
::1 - - [28/Jul/2019:00:45:05 +0400] "GET /php/register.php HTTP/1.1" 200 1321
::1 - - [28/Jul/2019:00:46:05 +0400] "-" 408 -
::1 - - [28/Jul/2019:00:56:27 +0400] "POST /phpmyadmin/index.php HTTP/1.1" 200 1636
::1 - - [28/Jul/2019:00:56:41 +0400] "POST /phpmyadmin/index.php HTTP/1.1" 200 1636
::1 - - [28/Jul/2019:00:56:43 +0400] "POST /phpmyadmin/index.php HTTP/1.1" 200 1636
::1 - - [28/Jul/2019:01:20:43 +0400] "POST /phpmyadmin/index.php HTTP/1.1" 200 1636
::1 - - [28/Jul/2019:01:23:42 +0400] "POST /phpmyadmin/index.php HTTP/1.1" 200 1636
::1 - - [28/Jul/2019:01:47:39 +0400] "POST /phpmyadmin/index.php HTTP/1.1" 200 1636
::1 - - [28/Jul/2019:01:47:41 +0400] "POST /phpmyadmin/index.php HTTP/1.1" 200 1636
::1 - - [28/Jul/2019:02:11:41 +0400] "POST /phpmyadmin/index.php HTTP/1.1" 200 1636
::1 - - [28/Jul/2019:02:11:43 +0400] "POST /phpmyadmin/index.php HTTP/1.1" 200 1636
::1 - - [28/Jul/2019:02:15:27 +0400] "GET /php/register.php HTTP/1.1" 200 169
::1 - - [28/Jul/2019:02:16:27 +0400] "-" 408 -
::1 - - [28/Jul/2019:02:16:52 +0400] "GET /php/register.php HTTP/1.1" 200 121
::1 - - [28/Jul/2019:02:17:52 +0400] "-" 408 -
::1 - - [28/Jul/2019:02:17:59 +0400] "GET /php/register.php HTTP/1.1" 200 1604
::1 - - [28/Jul/2019:02:18:17 +0400] "GET /phpmyadmin/themes/pmahomme/img/s_unlink.png HTTP/1.1" 200 589
::1 - - [28/Jul/2019:02:18:19 +0400] "GET /phpmyadmin/index.php?ajax_request=true&ajax_page_request=true&_nocache=1564265899516979998&token=%5BDmP%5C3%407xzHVre*F HTTP/1.1" 200 9404
::1 - - [28/Jul/2019:02:18:20 +0400] "POST /phpmyadmin/version_check.php HTTP/1.1" 200 28
::1 - - [28/Jul/2019:02:18:48 +0400] "GET /php/register.php HTTP/1.1" 200 1602
::1 - - [28/Jul/2019:02:19:28 +0400] "GET /phpmyadmin/server_privileges.php?viewing_mode=server&ajax_request=true&ajax_page_request=true&_nocache=1564265968626797865&token=%5BDmP%5C3%407xzHVre*F HTTP/1.1" 200 3618
::1 - - [28/Jul/2019:02:19:29 +0400] "GET /phpmyadmin/themes/pmahomme/img/b_usradd.png HTTP/1.1" 200 670
::1 - - [28/Jul/2019:02:19:29 +0400] "GET /phpmyadmin/themes/pmahomme/img/b_usrlist.png HTTP/1.1" 200 677
::1 - - [28/Jul/2019:02:19:29 +0400] "GET /phpmyadmin/themes/pmahomme/img/b_usredit.png HTTP/1.1" 200 757
::1 - - [28/Jul/2019:02:19:29 +0400] "GET /phpmyadmin/themes/pmahomme/img/b_usrdrop.png HTTP/1.1" 200 697
::1 - - [28/Jul/2019:02:19:29 +0400] "GET /phpmyadmin/themes/pmahomme/img/arrow_ltr.png HTTP/1.1" 200 101
::1 - - [28/Jul/2019:02:19:29 +0400] "GET /phpmyadmin/js/server_privileges.js?v=4.9.0.1 HTTP/1.1" 200 18843
::1 - - [28/Jul/2019:02:19:29 +0400] "GET /phpmyadmin/js/vendor/zxcvbn.js?v=4.9.0.1 HTTP/1.1" 200 821676
::1 - - [28/Jul/2019:02:21:38 +0400] "GET /php/register.php HTTP/1.1" 200 1602
::1 - - [28/Jul/2019:02:21:41 +0400] "GET /php/register.php HTTP/1.1" 200 1602
::1 - - [28/Jul/2019:02:21:59 +0400] "GET /php/register.php HTTP/1.1" 200 1352
::1 - - [28/Jul/2019:02:22:05 +0400] "GET /phpmyadmin/sql.php?server=1&db=heliosexp&table=users&pos=0&ajax_request=true&ajax_page_request=true&_nocache=1564266125173383875&token=%5BDmP%5C3%407xzHVre*F HTTP/1.1" 200 5573
::1 - - [28/Jul/2019:02:22:05 +0400] "GET /phpmyadmin/index.php?ajax_request=1&recent_table=1&no_debug=true&_nocache=1564266125724434468&token=%5BDmP%5C3%407xzHVre*F HTTP/1.1" 200 1692
::1 - - [28/Jul/2019:02:22:33 +0400] "POST /php/register.php HTTP/1.1" 200 1352
::1 - - [28/Jul/2019:02:22:40 +0400] "GET /phpmyadmin/sql.php?server=1&db=heliosexp&table=users&pos=0&ajax_request=true&ajax_page_request=true&_nocache=1564266160230775890&token=%5BDmP%5C3%407xzHVre*F HTTP/1.1" 200 5573
::1 - - [28/Jul/2019:02:22:40 +0400] "GET /phpmyadmin/index.php?ajax_request=1&recent_table=1&no_debug=true&_nocache=1564266160741631192&token=%5BDmP%5C3%407xzHVre*F HTTP/1.1" 200 1692
::1 - - [28/Jul/2019:02:23:36 +0400] "POST /php/register.php HTTP/1.1" 200 1352
::1 - - [28/Jul/2019:02:24:36 +0400] "-" 408 -
::1 - - [28/Jul/2019:02:25:10 +0400] "POST /php/register.php HTTP/1.1" 200 1352
::1 - - [28/Jul/2019:02:26:53 +0400] "POST /php/register.php HTTP/1.1" 200 1352
::1 - - [28/Jul/2019:02:27:40 +0400] "GET /phpmyadmin/sql.php?server=1&db=heliosexp&table=users&pos=0&ajax_request=true&ajax_page_request=true&_nocache=1564266460280812390&token=%5BDmP%5C3%407xzHVre*F HTTP/1.1" 200 5572
::1 - - [28/Jul/2019:02:27:40 +0400] "GET /phpmyadmin/index.php?ajax_request=1&recent_table=1&no_debug=true&_nocache=156426646083760582&token=%5BDmP%5C3%407xzHVre*F HTTP/1.1" 200 1692
::1 - - [28/Jul/2019:02:28:53 +0400] "POST /php/register.php HTTP/1.1" 200 1356
::1 - - [28/Jul/2019:02:29:53 +0400] "-" 408 -
::1 - - [28/Jul/2019:02:34:52 +0400] "POST /php/register.php HTTP/1.1" 200 1681
::1 - - [28/Jul/2019:02:35:52 +0400] "-" 408 -
::1 - - [28/Jul/2019:02:35:55 +0400] "POST /php/register.php HTTP/1.1" 200 1678
::1 - - [28/Jul/2019:02:36:55 +0400] "-" 408 -
::1 - - [28/Jul/2019:02:37:22 +0400] "POST /php/register.php HTTP/1.1" 200 1433
::1 - - [28/Jul/2019:02:37:32 +0400] "POST /php/register.php HTTP/1.1" 200 1433
::1 - - [28/Jul/2019:02:37:39 +0400] "GET /phpmyadmin/sql.php?server=1&db=heliosexp&table=users&pos=0 HTTP/1.1" 200 11459
::1 - - [28/Jul/2019:02:37:40 +0400] "GET /phpmyadmin/js/messages.php?l=ru&v=4.9.0.1 HTTP/1.1" 200 11654
::1 - - [28/Jul/2019:02:37:40 +0400] "GET /phpmyadmin/phpmyadmin.css.php?nocache=6247840409ltr&server=1 HTTP/1.1" 200 20812
::1 - - [28/Jul/2019:02:37:40 +0400] "GET /phpmyadmin/js/whitelist.php?v=4.9.0.1 HTTP/1.1" 200 491
::1 - - [28/Jul/2019:02:37:41 +0400] "POST /phpmyadmin/ajax.php HTTP/1.1" 200 1643
::1 - - [28/Jul/2019:02:37:41 +0400] "POST /phpmyadmin/navigation.php?ajax_request=1 HTTP/1.1" 200 2694
::1 - - [28/Jul/2019:02:37:41 +0400] "POST /phpmyadmin/ajax.php HTTP/1.1" 200 1740
::1 - - [28/Jul/2019:02:37:42 +0400] "GET /phpmyadmin/favicon.ico HTTP/1.1" 200 22486
::1 - - [28/Jul/2019:02:37:41 +0400] "POST /phpmyadmin/ajax.php HTTP/1.1" 200 1633
::1 - - [28/Jul/2019:02:37:41 +0400] "GET /phpmyadmin/index.php?ajax_request=1&recent_table=1&no_debug=true&_nocache=1564267061958278992&token=%5BDmP%5C3%407xzHVre*F HTTP/1.1" 200 1692
::1 - - [28/Jul/2019:02:38:00 +0400] "POST /php/register.php HTTP/1.1" 200 1433
::1 - - [28/Jul/2019:02:38:04 +0400] "GET /phpmyadmin/sql.php?server=1&db=heliosexp&table=users&pos=0 HTTP/1.1" 200 11457
::1 - - [28/Jul/2019:02:38:05 +0400] "GET /phpmyadmin/phpmyadmin.css.php?nocache=6247848242ltr&server=1 HTTP/1.1" 200 20812
::1 - - [28/Jul/2019:02:38:05 +0400] "POST /phpmyadmin/ajax.php HTTP/1.1" 200 1643
::1 - - [28/Jul/2019:02:38:06 +0400] "POST /phpmyadmin/navigation.php?ajax_request=1 HTTP/1.1" 200 2694
::1 - - [28/Jul/2019:02:38:06 +0400] "POST /phpmyadmin/ajax.php HTTP/1.1" 200 1740
::1 - - [28/Jul/2019:02:38:06 +0400] "POST /phpmyadmin/ajax.php HTTP/1.1" 200 1633
::1 - - [28/Jul/2019:02:38:06 +0400] "GET /phpmyadmin/favicon.ico HTTP/1.1" 200 22486
::1 - - [28/Jul/2019:02:38:06 +0400] "GET /phpmyadmin/index.php?ajax_request=1&recent_table=1&no_debug=true&_nocache=1564267086647433990&token=%5BDmP%5C3%407xzHVre*F HTTP/1.1" 200 1692
::1 - - [28/Jul/2019:02:38:14 +0400] "GET /php/login.php HTTP/1.1" 200 1236
::1 - - [28/Jul/2019:02:38:21 +0400] "POST /php/login.php HTTP/1.1" 200 1236
::1 - - [28/Jul/2019:02:39:21 +0400] "-" 408 -
::1 - - [28/Jul/2019:18:21:01 +0400] "GET / HTTP/1.1" 200 740
::1 - - [28/Jul/2019:18:21:01 +0400] "GET /style.css HTTP/1.1" 304 -
::1 - - [28/Jul/2019:18:21:01 +0400] "GET /js/script.js HTTP/1.1" 304 -
::1 - - [28/Jul/2019:18:21:03 +0400] "GET /phpmyadmin/ HTTP/1.1" 200 15938
::1 - - [28/Jul/2019:18:21:05 +0400] "GET /phpmyadmin/js/messages.php?l=ru&v=4.9.0.1 HTTP/1.1" 200 11654
::1 - - [28/Jul/2019:18:21:05 +0400] "GET /phpmyadmin/phpmyadmin.css.php?nocache=6247904844ltr&server=1 HTTP/1.1" 200 20812
::1 - - [28/Jul/2019:18:21:05 +0400] "GET /phpmyadmin/js/whitelist.php?v=4.9.0.1 HTTP/1.1" 200 491
::1 - - [28/Jul/2019:18:21:07 +0400] "POST /phpmyadmin/ajax.php HTTP/1.1" 200 1639
::1 - - [28/Jul/2019:18:21:07 +0400] "POST /phpmyadmin/navigation.php?ajax_request=1 HTTP/1.1" 200 2431
::1 - - [28/Jul/2019:18:21:07 +0400] "POST /phpmyadmin/ajax.php HTTP/1.1" 200 1734
::1 - - [28/Jul/2019:18:21:08 +0400] "POST /phpmyadmin/ajax.php HTTP/1.1" 200 1629
::1 - - [28/Jul/2019:18:21:08 +0400] "POST /phpmyadmin/version_check.php HTTP/1.1" 200 28
::1 - - [28/Jul/2019:18:21:10 +0400] "GET /phpmyadmin/db_structure.php?server=1&db=heliosexp&ajax_request=true&ajax_page_request=true&_nocache=1564323670024894879&token=*kVj%5E%3D%3Ehgp1kXrxn HTTP/1.1" 200 5569
::1 - - [28/Jul/2019:18:21:11 +0400] "GET /phpmyadmin/themes/pmahomme/img/b_routines.png HTTP/1.1" 200 306
::1 - - [28/Jul/2019:18:21:11 +0400] "GET /phpmyadmin/themes/pmahomme/img/b_events.png HTTP/1.1" 200 703
::1 - - [28/Jul/2019:18:21:11 +0400] "GET /phpmyadmin/themes/pmahomme/img/b_relations.png HTTP/1.1" 200 140
::1 - - [28/Jul/2019:18:21:12 +0400] "GET /phpmyadmin/themes/pmahomme/img/s_asc.png HTTP/1.1" 200 146
::1 - - [28/Jul/2019:18:21:12 +0400] "GET /phpmyadmin/themes/pmahomme/img/s_desc.png HTTP/1.1" 200 146
::1 - - [28/Jul/2019:18:21:12 +0400] "GET /phpmyadmin/themes/pmahomme/img/b_no_favorite.png HTTP/1.1" 200 377
::1 - - [28/Jul/2019:18:21:12 +0400] "GET /phpmyadmin/themes/pmahomme/img/bd_browse.png HTTP/1.1" 200 271
::1 - - [28/Jul/2019:18:21:12 +0400] "GET /phpmyadmin/themes/pmahomme/img/bd_select.png HTTP/1.1" 200 325
::1 - - [28/Jul/2019:18:21:12 +0400] "GET /phpmyadmin/themes/pmahomme/img/bd_empty.png HTTP/1.1" 200 327
::1 - - [28/Jul/2019:18:21:12 +0400] "GET /phpmyadmin/themes/pmahomme/img/b_drop.png HTTP/1.1" 200 637
::1 - - [28/Jul/2019:18:21:12 +0400] "GET /phpmyadmin/themes/pmahomme/img/b_print.png HTTP/1.1" 200 639
::1 - - [28/Jul/2019:18:21:12 +0400] "GET /phpmyadmin/themes/pmahomme/img/b_tblanalyse.png HTTP/1.1" 200 152
::1 - - [28/Jul/2019:18:21:12 +0400] "GET /phpmyadmin/themes/pmahomme/img/arrow_ltr.png HTTP/1.1" 200 101
::1 - - [28/Jul/2019:18:21:12 +0400] "GET /phpmyadmin/js/db_structure.js?v=4.9.0.1 HTTP/1.1" 200 15803
::1 - - [28/Jul/2019:18:21:11 +0400] "GET /phpmyadmin/navigation.php?ajax_request=1&aPath=cm9vdA%3D%3D.aGVsaW9zZXhw&vPath=cm9vdA%3D%3D.aGVsaW9zZXhw&pos=0&pos2_name=&pos2_value=&searchClause=&searchClause2=&_nocache=156432367199142546&token=*kVj%5E%3D%3Ehgp1kXrxn HTTP/1.1" 200 2001
::1 - - [28/Jul/2019:18:21:15 +0400] "GET /phpmyadmin/sql.php?db=heliosexp&table=users&pos=0&ajax_request=true&ajax_page_request=true&_nocache=1564323675038573127&token=*kVj%5E%3D%3Ehgp1kXrxn HTTP/1.1" 200 5577
::1 - - [28/Jul/2019:18:21:16 +0400] "GET /phpmyadmin/index.php?ajax_request=1&recent_table=1&no_debug=true&_nocache=1564323676003719560&token=*kVj%5E%3D%3Ehgp1kXrxn HTTP/1.1" 200 1690
::1 - - [28/Jul/2019:18:45:11 +0400] "POST /phpmyadmin/index.php HTTP/1.1" 200 1634
::1 - - [28/Jul/2019:18:45:25 +0400] "POST /phpmyadmin/index.php HTTP/1.1" 200 1634
::1 - - [28/Jul/2019:18:45:27 +0400] "POST /phpmyadmin/index.php HTTP/1.1" 200 1634
::1 - - [28/Jul/2019:19:04:18 +0400] "GET /phpmyadmin/sql.php?server=1&db=heliosexp&table=users&pos=0&ajax_request=true&ajax_page_request=true&_nocache=1564326258354769334&token=*kVj%5E%3D%3Ehgp1kXrxn HTTP/1.1" 200 5579
::1 - - [28/Jul/2019:19:04:19 +0400] "GET /phpmyadmin/index.php?ajax_request=1&recent_table=1&no_debug=true&_nocache=1564326258998162573&token=*kVj%5E%3D%3Ehgp1kXrxn HTTP/1.1" 200 1690
::1 - - [28/Jul/2019:19:04:32 +0400] "GET /php/login.php HTTP/1.1" 200 118
::1 - - [28/Jul/2019:19:04:32 +0400] "GET /favicon.ico HTTP/1.1" 404 209
::1 - - [28/Jul/2019:19:05:32 +0400] "-" 408 -
::1 - - [28/Jul/2019:19:06:13 +0400] "GET /php/login.php HTTP/1.1" 200 115
::1 - - [28/Jul/2019:19:06:52 +0400] "GET /php/login.php HTTP/1.1" 200 637
::1 - - [28/Jul/2019:19:07:19 +0400] "GET /php/login.php HTTP/1.1" 200 638
::1 - - [28/Jul/2019:19:07:30 +0400] "GET /php/login.php HTTP/1.1" 200 529
::1 - - [28/Jul/2019:19:08:30 +0400] "-" 408 -
::1 - - [28/Jul/2019:19:08:53 +0400] "GET /php/login.php HTTP/1.1" 200 543
::1 - - [28/Jul/2019:19:09:32 +0400] "GET /php/login.php HTTP/1.1" 200 544
::1 - - [28/Jul/2019:19:09:41 +0400] "POST /php/login.php HTTP/1.1" 200 333
::1 - - [28/Jul/2019:19:09:55 +0400] "GET /php/login.php HTTP/1.1" 200 544
::1 - - [28/Jul/2019:19:09:57 +0400] "GET /php/login.php HTTP/1.1" 200 544
::1 - - [28/Jul/2019:19:12:04 +0400] "GET /php/login.php HTTP/1.1" 200 422
::1 - - [28/Jul/2019:19:13:04 +0400] "-" 408 -
::1 - - [28/Jul/2019:19:13:37 +0400] "GET /php/login.php HTTP/1.1" 200 313
::1 - - [28/Jul/2019:19:13:44 +0400] "POST /php/login.php HTTP/1.1" 200 224
::1 - - [28/Jul/2019:19:14:06 +0400] "GET /php/login.php HTTP/1.1" 200 313
::1 - - [28/Jul/2019:19:14:10 +0400] "POST /php/login.php HTTP/1.1" 200 348
::1 - - [28/Jul/2019:19:14:17 +0400] "POST /php/login.php HTTP/1.1" 200 348
::1 - - [28/Jul/2019:19:14:26 +0400] "POST /php/login.php HTTP/1.1" 200 348
::1 - - [28/Jul/2019:19:15:11 +0400] "GET /php/register.php HTTP/1.1" 200 137
::1 - - [28/Jul/2019:19:15:25 +0400] "GET /php/register.php HTTP/1.1" 200 603
::1 - - [28/Jul/2019:19:16:06 +0400] "GET /php/register.php HTTP/1.1" 200 381
::1 - - [28/Jul/2019:19:16:18 +0400] "POST /php/register.php HTTP/1.1" 200 230
::1 - - [28/Jul/2019:19:16:34 +0400] "GET /php/register.php HTTP/1.1" 200 381
::1 - - [28/Jul/2019:19:16:47 +0400] "POST /php/register.php HTTP/1.1" 200 375
::1 - - [28/Jul/2019:19:28:14 +0400] "POST /phpmyadmin/index.php HTTP/1.1" 200 1634
::1 - - [28/Jul/2019:19:28:16 +0400] "POST /phpmyadmin/index.php HTTP/1.1" 200 1634
::1 - - [28/Jul/2019:19:28:18 +0400] "POST /phpmyadmin/index.php HTTP/1.1" 200 1634
::1 - - [28/Jul/2019:19:28:20 +0400] "POST /phpmyadmin/index.php HTTP/1.1" 200 1634
::1 - - [28/Jul/2019:19:31:00 +0400] "GET /php/register.php HTTP/1.1" 200 381
::1 - - [28/Jul/2019:19:31:05 +0400] "POST /php/register.php HTTP/1.1" 200 765
::1 - - [28/Jul/2019:19:32:05 +0400] "-" 408 -
::1 - - [28/Jul/2019:19:34:27 +0400] "POST /php/register.php HTTP/1.1" 200 1381
::1 - - [28/Jul/2019:19:34:55 +0400] "POST /php/register.php HTTP/1.1" 200 524
::1 - - [28/Jul/2019:19:35:03 +0400] "GET /phpmyadmin/sql.php?server=1&db=heliosexp&table=users&pos=0 HTTP/1.1" 200 11460
::1 - - [28/Jul/2019:19:35:04 +0400] "GET /phpmyadmin/js/messages.php?l=ru&v=4.9.0.1 HTTP/1.1" 200 11654
::1 - - [28/Jul/2019:19:35:04 +0400] "GET /phpmyadmin/phpmyadmin.css.php?nocache=6247904848ltr&server=1 HTTP/1.1" 200 20812
::1 - - [28/Jul/2019:19:35:05 +0400] "POST /phpmyadmin/ajax.php HTTP/1.1" 200 1642
::1 - - [28/Jul/2019:19:35:05 +0400] "POST /phpmyadmin/navigation.php?ajax_request=1 HTTP/1.1" 200 2692
::1 - - [28/Jul/2019:19:35:05 +0400] "POST /phpmyadmin/ajax.php HTTP/1.1" 200 1739
::1 - - [28/Jul/2019:19:35:05 +0400] "POST /phpmyadmin/ajax.php HTTP/1.1" 200 1632
::1 - - [28/Jul/2019:19:35:06 +0400] "GET /phpmyadmin/favicon.ico HTTP/1.1" 200 22486
::1 - - [28/Jul/2019:19:35:05 +0400] "GET /phpmyadmin/index.php?ajax_request=1&recent_table=1&no_debug=true&_nocache=1564328105848309892&token=*kVj%5E%3D%3Ehgp1kXrxn HTTP/1.1" 200 1690
::1 - - [28/Jul/2019:19:35:37 +0400] "POST /php/register.php HTTP/1.1" 200 524
::1 - - [28/Jul/2019:19:35:46 +0400] "GET /phpmyadmin/sql.php?server=1&db=heliosexp&table=users&pos=0 HTTP/1.1" 200 11460
::1 - - [28/Jul/2019:19:35:47 +0400] "GET /phpmyadmin/phpmyadmin.css.php?nocache=6247909285ltr&server=1 HTTP/1.1" 200 20812
::1 - - [28/Jul/2019:19:35:47 +0400] "POST /phpmyadmin/ajax.php HTTP/1.1" 200 1642
::1 - - [28/Jul/2019:19:35:48 +0400] "POST /phpmyadmin/navigation.php?ajax_request=1 HTTP/1.1" 200 2692
::1 - - [28/Jul/2019:19:35:48 +0400] "POST /phpmyadmin/ajax.php HTTP/1.1" 200 1739
::1 - - [28/Jul/2019:19:35:48 +0400] "POST /phpmyadmin/ajax.php HTTP/1.1" 200 1632
::1 - - [28/Jul/2019:19:35:48 +0400] "GET /phpmyadmin/favicon.ico HTTP/1.1" 200 22486
::1 - - [28/Jul/2019:19:35:48 +0400] "GET /phpmyadmin/index.php?ajax_request=1&recent_table=1&no_debug=true&_nocache=1564328148655690786&token=*kVj%5E%3D%3Ehgp1kXrxn HTTP/1.1" 200 1690
::1 - - [28/Jul/2019:19:36:14 +0400] "POST /php/register.php HTTP/1.1" 200 524
::1 - - [28/Jul/2019:19:37:14 +0400] "-" 408 -
::1 - - [28/Jul/2019:19:37:25 +0400] "POST /php/register.php HTTP/1.1" 200 765
::1 - - [28/Jul/2019:19:46:18 +0400] "POST /php/register.php HTTP/1.1" 200 449
::1 - - [28/Jul/2019:19:46:27 +0400] "POST /php/register.php HTTP/1.1" 200 493
::1 - - [28/Jul/2019:19:47:18 +0400] "POST /php/register.php HTTP/1.1" 200 449
::1 - - [28/Jul/2019:19:47:24 +0400] "GET /phpmyadmin/sql.php?server=1&db=heliosexp&table=users&pos=0 HTTP/1.1" 200 11462
::1 - - [28/Jul/2019:19:47:24 +0400] "GET /phpmyadmin/phpmyadmin.css.php?nocache=6247909328ltr&server=1 HTTP/1.1" 200 20812
::1 - - [28/Jul/2019:19:47:25 +0400] "POST /phpmyadmin/ajax.php HTTP/1.1" 200 1642
::1 - - [28/Jul/2019:19:47:25 +0400] "POST /phpmyadmin/navigation.php?ajax_request=1 HTTP/1.1" 200 2692
::1 - - [28/Jul/2019:19:47:25 +0400] "POST /phpmyadmin/ajax.php HTTP/1.1" 200 1739
::1 - - [28/Jul/2019:19:47:26 +0400] "POST /phpmyadmin/ajax.php HTTP/1.1" 200 1632
::1 - - [28/Jul/2019:19:47:26 +0400] "GET /phpmyadmin/favicon.ico HTTP/1.1" 200 22486
::1 - - [28/Jul/2019:19:47:26 +0400] "GET /phpmyadmin/index.php?ajax_request=1&recent_table=1&no_debug=true&_nocache=156432884632541891&token=*kVj%5E%3D%3Ehgp1kXrxn HTTP/1.1" 200 1690
::1 - - [28/Jul/2019:19:48:25 +0400] "POST /php/register.php HTTP/1.1" 302 381
::1 - - [28/Jul/2019:19:48:25 +0400] "GET /php/login.php HTTP/1.1" 200 313
::1 - - [28/Jul/2019:19:48:30 +0400] "GET /phpmyadmin/sql.php?server=1&db=heliosexp&table=users&pos=0 HTTP/1.1" 200 11461
::1 - - [28/Jul/2019:19:48:31 +0400] "GET /phpmyadmin/phpmyadmin.css.php?nocache=6247910026ltr&server=1 HTTP/1.1" 200 20812
::1 - - [28/Jul/2019:19:48:31 +0400] "POST /phpmyadmin/ajax.php HTTP/1.1" 200 1642
::1 - - [28/Jul/2019:19:48:32 +0400] "POST /phpmyadmin/navigation.php?ajax_request=1 HTTP/1.1" 200 2692
::1 - - [28/Jul/2019:19:48:32 +0400] "POST /phpmyadmin/ajax.php HTTP/1.1" 200 1739
::1 - - [28/Jul/2019:19:48:32 +0400] "POST /phpmyadmin/ajax.php HTTP/1.1" 200 1632
::1 - - [28/Jul/2019:19:48:32 +0400] "GET /phpmyadmin/favicon.ico HTTP/1.1" 200 22486
::1 - - [28/Jul/2019:19:48:32 +0400] "GET /phpmyadmin/index.php?ajax_request=1&recent_table=1&no_debug=true&_nocache=1564328912663877604&token=*kVj%5E%3D%3Ehgp1kXrxn HTTP/1.1" 200 1690
::1 - - [28/Jul/2019:19:48:38 +0400] "GET /phpmyadmin/tbl_structure.php?db=heliosexp&table=users&ajax_request=true&ajax_page_request=true&_nocache=1564328918706479598&token=*kVj%5E%3D%3Ehgp1kXrxn HTTP/1.1" 200 8891
::1 - - [28/Jul/2019:19:48:40 +0400] "GET /phpmyadmin/themes/pmahomme/img/b_primary.png HTTP/1.1" 200 536
::1 - - [28/Jul/2019:19:48:40 +0400] "GET /phpmyadmin/themes/pmahomme/img/b_edit.png HTTP/1.1" 200 377
::1 - - [28/Jul/2019:19:48:40 +0400] "GET /phpmyadmin/themes/pmahomme/img/bd_primary.png HTTP/1.1" 200 294
::1 - - [28/Jul/2019:19:48:40 +0400] "GET /phpmyadmin/themes/pmahomme/img/b_unique.png HTTP/1.1" 200 583
::1 - - [28/Jul/2019:19:48:40 +0400] "GET /phpmyadmin/themes/pmahomme/img/b_index.png HTTP/1.1" 200 643
::1 - - [28/Jul/2019:19:48:40 +0400] "GET /phpmyadmin/themes/pmahomme/img/b_ftext.png HTTP/1.1" 200 550
::1 - - [28/Jul/2019:19:48:40 +0400] "GET /phpmyadmin/themes/pmahomme/img/b_move.png HTTP/1.1" 200 381
::1 - - [28/Jul/2019:19:48:40 +0400] "GET /phpmyadmin/themes/pmahomme/img/normalize.png HTTP/1.1" 200 505
::1 - - [28/Jul/2019:19:48:40 +0400] "GET /phpmyadmin/js/tbl_structure.js?v=4.9.0.1 HTTP/1.1" 200 19880
::1 - - [28/Jul/2019:19:48:40 +0400] "GET /phpmyadmin/index.php?ajax_request=1&recent_table=1&no_debug=true&_nocache=1564328920180804592&token=*kVj%5E%3D%3Ehgp1kXrxn HTTP/1.1" 200 1690
::1 - - [28/Jul/2019:19:48:54 +0400] "GET /phpmyadmin/sql.php?db=heliosexp&table=users&pos=0&ajax_request=true&ajax_page_request=true&_nocache=1564328934781975003&token=*kVj%5E%3D%3Ehgp1kXrxn HTTP/1.1" 200 5576
::1 - - [28/Jul/2019:19:48:55 +0400] "GET /phpmyadmin/index.php?ajax_request=1&recent_table=1&no_debug=true&_nocache=1564328935306615287&token=*kVj%5E%3D%3Ehgp1kXrxn HTTP/1.1" 200 1690
::1 - - [28/Jul/2019:19:49:55 +0400] "POST /php/register.php HTTP/1.1" 302 381
::1 - - [28/Jul/2019:19:49:55 +0400] "GET /php/login.php HTTP/1.1" 200 313
::1 - - [28/Jul/2019:19:50:00 +0400] "GET /phpmyadmin/sql.php?db=heliosexp&table=users&pos=0 HTTP/1.1" 200 11458
::1 - - [28/Jul/2019:19:50:01 +0400] "GET /phpmyadmin/phpmyadmin.css.php?nocache=6247910092ltr&server=1 HTTP/1.1" 200 20812
::1 - - [28/Jul/2019:19:50:01 +0400] "POST /phpmyadmin/ajax.php HTTP/1.1" 200 1642
::1 - - [28/Jul/2019:19:50:02 +0400] "POST /phpmyadmin/navigation.php?ajax_request=1 HTTP/1.1" 200 2692
::1 - - [28/Jul/2019:19:50:02 +0400] "POST /phpmyadmin/ajax.php HTTP/1.1" 200 1739
::1 - - [28/Jul/2019:19:50:02 +0400] "POST /phpmyadmin/ajax.php HTTP/1.1" 200 1632
::1 - - [28/Jul/2019:19:50:02 +0400] "GET /phpmyadmin/favicon.ico HTTP/1.1" 200 22486
::1 - - [28/Jul/2019:19:50:02 +0400] "GET /phpmyadmin/index.php?ajax_request=1&recent_table=1&no_debug=true&_nocache=1564329002686486633&token=*kVj%5E%3D%3Ehgp1kXrxn HTTP/1.1" 200 1690
::1 - - [28/Jul/2019:19:50:19 +0400] "GET /php/register.php HTTP/1.1" 200 381
::1 - - [28/Jul/2019:19:50:35 +0400] "POST /php/register.php HTTP/1.1" 302 381
::1 - - [28/Jul/2019:19:50:35 +0400] "GET /php/login.php HTTP/1.1" 200 313
::1 - - [28/Jul/2019:19:50:39 +0400] "GET /phpmyadmin/sql.php?db=heliosexp&table=users&pos=0 HTTP/1.1" 200 11459
::1 - - [28/Jul/2019:19:50:39 +0400] "GET /phpmyadmin/phpmyadmin.css.php?nocache=6247910182ltr&server=1 HTTP/1.1" 200 20812
::1 - - [28/Jul/2019:19:50:40 +0400] "POST /phpmyadmin/ajax.php HTTP/1.1" 200 1642
::1 - - [28/Jul/2019:19:50:40 +0400] "POST /phpmyadmin/navigation.php?ajax_request=1 HTTP/1.1" 200 2692
::1 - - [28/Jul/2019:19:50:40 +0400] "POST /phpmyadmin/ajax.php HTTP/1.1" 200 1739
::1 - - [28/Jul/2019:19:50:40 +0400] "POST /phpmyadmin/ajax.php HTTP/1.1" 200 1632
::1 - - [28/Jul/2019:19:50:41 +0400] "GET /phpmyadmin/favicon.ico HTTP/1.1" 200 22486
::1 - - [28/Jul/2019:19:50:40 +0400] "GET /phpmyadmin/index.php?ajax_request=1&recent_table=1&no_debug=true&_nocache=1564329040850334181&token=*kVj%5E%3D%3Ehgp1kXrxn HTTP/1.1" 200 1690
::1 - - [28/Jul/2019:19:53:01 +0400] "GET /php/register.php HTTP/1.1" 200 381
::1 - - [28/Jul/2019:19:53:07 +0400] "POST /php/register.php HTTP/1.1" 200 415
::1 - - [28/Jul/2019:19:53:22 +0400] "POST /php/register.php HTTP/1.1" 200 425
::1 - - [28/Jul/2019:19:54:22 +0400] "-" 408 -
::1 - - [28/Jul/2019:19:56:49 +0400] "POST /php/register.php HTTP/1.1" 200 415
::1 - - [28/Jul/2019:19:57:02 +0400] "POST /php/register.php HTTP/1.1" 200 415
::1 - - [28/Jul/2019:19:59:30 +0400] "POST /php/register.php HTTP/1.1" 302 381
::1 - - [28/Jul/2019:19:59:31 +0400] "GET /php/login.php HTTP/1.1" 200 313
::1 - - [28/Jul/2019:19:59:35 +0400] "GET /phpmyadmin/sql.php?db=heliosexp&table=users&pos=0 HTTP/1.1" 200 13631
::1 - - [28/Jul/2019:19:59:36 +0400] "GET /phpmyadmin/js/sql.js?v=4.9.0.1 HTTP/1.1" 200 38441
::1 - - [28/Jul/2019:19:59:36 +0400] "GET /phpmyadmin/themes/pmahomme/img/s_fulltext.png HTTP/1.1" 200 176
::1 - - [28/Jul/2019:19:59:36 +0400] "GET /phpmyadmin/js/makegrid.js?v=4.9.0.1 HTTP/1.1" 200 98729
::1 - - [28/Jul/2019:19:59:36 +0400] "GET /phpmyadmin/phpmyadmin.css.php?nocache=6247910220ltr&server=1 HTTP/1.1" 200 20812
::1 - - [28/Jul/2019:19:59:36 +0400] "GET /phpmyadmin/themes/pmahomme/img/b_chart.png HTTP/1.1" 200 449
::1 - - [28/Jul/2019:19:59:37 +0400] "POST /phpmyadmin/ajax.php HTTP/1.1" 200 1642
::1 - - [28/Jul/2019:19:59:37 +0400] "POST /phpmyadmin/navigation.php?ajax_request=1 HTTP/1.1" 200 2692
::1 - - [28/Jul/2019:19:59:37 +0400] "POST /phpmyadmin/ajax.php HTTP/1.1" 200 1739
::1 - - [28/Jul/2019:19:59:38 +0400] "GET /phpmyadmin/themes/pmahomme/img/col_pointer.png HTTP/1.1" 200 102
::1 - - [28/Jul/2019:19:59:37 +0400] "POST /phpmyadmin/ajax.php HTTP/1.1" 200 1632
::1 - - [28/Jul/2019:19:59:38 +0400] "GET /phpmyadmin/themes/pmahomme/img/col_drop.png HTTP/1.1" 200 111
::1 - - [28/Jul/2019:19:59:38 +0400] "GET /phpmyadmin/index.php?ajax_request=1&recent_table=1&no_debug=true&_nocache=1564329578024685745&token=*kVj%5E%3D%3Ehgp1kXrxn HTTP/1.1" 200 1690
::1 - - [28/Jul/2019:19:59:38 +0400] "GET /phpmyadmin/favicon.ico HTTP/1.1" 200 22486
::1 - - [28/Jul/2019:19:59:59 +0400] "POST /php/login.php HTTP/1.1" 200 348
::1 - - [28/Jul/2019:20:00:05 +0400] "POST /php/login.php HTTP/1.1" 200 219
::1 - - [28/Jul/2019:20:01:05 +0400] "-" 408 -
::1 - - [28/Jul/2019:20:01:48 +0400] "GET /php/login.php HTTP/1.1" 200 313
::1 - - [28/Jul/2019:20:01:59 +0400] "POST /php/login.php HTTP/1.1" 200 501
::1 - - [28/Jul/2019:20:03:02 +0400] "POST /php/login.php HTTP/1.1" 200 495
::1 - - [28/Jul/2019:20:04:15 +0400] "POST /php/login.php HTTP/1.1" 200 348
::1 - - [28/Jul/2019:20:04:21 +0400] "POST /php/login.php HTTP/1.1" 200 164
::1 - - [28/Jul/2019:20:23:33 +0400] "POST /phpmyadmin/index.php HTTP/1.1" 200 1634
::1 - - [28/Jul/2019:20:23:35 +0400] "POST /phpmyadmin/index.php HTTP/1.1" 200 1634
::1 - - [28/Jul/2019:20:23:37 +0400] "POST /phpmyadmin/index.php HTTP/1.1" 200 1634
::1 - - [28/Jul/2019:20:23:39 +0400] "POST /phpmyadmin/index.php HTTP/1.1" 200 1634
::1 - - [28/Jul/2019:20:34:30 +0400] "GET /php/login.php HTTP/1.1" 200 313
::1 - - [28/Jul/2019:20:35:21 +0400] "-" 408 -
::1 - - [28/Jul/2019:20:55:50 +0400] "POST /phpmyadmin/index.php HTTP/1.1" 200 1634
::1 - - [28/Jul/2019:21:10:30 +0400] "POST /phpmyadmin/index.php HTTP/1.1" 200 1634
::1 - - [28/Jul/2019:21:10:38 +0400] "POST /phpmyadmin/index.php HTTP/1.1" 200 1634
::1 - - [28/Jul/2019:21:10:41 +0400] "POST /phpmyadmin/index.php HTTP/1.1" 200 1634
::1 - - [28/Jul/2019:21:31:37 +0400] "GET /phpmyadmin/themes/pmahomme/img/s_unlink.png HTTP/1.1" 200 589
::1 - - [28/Jul/2019:21:31:44 +0400] "GET /phpmyadmin/tbl_structure.php?db=heliosexp&table=users&ajax_request=true&ajax_page_request=true&_nocache=1564335104206875983&token=*kVj%5E%3D%3Ehgp1kXrxn HTTP/1.1" 200 8893
::1 - - [28/Jul/2019:21:31:44 +0400] "GET /phpmyadmin/index.php?ajax_request=1&recent_table=1&no_debug=true&_nocache=1564335104909815559&token=*kVj%5E%3D%3Ehgp1kXrxn HTTP/1.1" 200 1690
::1 - - [28/Jul/2019:21:55:40 +0400] "POST /phpmyadmin/index.php HTTP/1.1" 200 1634
::1 - - [28/Jul/2019:22:06:03 +0400] "POST /phpmyadmin/index.php HTTP/1.1" 200 1634
::1 - - [28/Jul/2019:22:06:05 +0400] "POST /phpmyadmin/index.php HTTP/1.1" 200 1634
::1 - - [28/Jul/2019:22:06:07 +0400] "POST /phpmyadmin/index.php HTTP/1.1" 200 1634
::1 - - [28/Jul/2019:22:06:09 +0400] "POST /phpmyadmin/index.php HTTP/1.1" 200 1634
::1 - - [29/Jul/2019:01:27:52 +0400] "GET /phpmyadmin/ HTTP/1.1" 200 15796
::1 - - [29/Jul/2019:01:27:52 +0400] "GET /phpmyadmin/phpmyadmin.css.php?nocache=6247930452ltr&server=1 HTTP/1.1" 200 20812
::1 - - [29/Jul/2019:01:27:53 +0400] "GET /phpmyadmin/js/whitelist.php?v=4.9.0.1 HTTP/1.1" 200 491
::1 - - [29/Jul/2019:01:27:53 +0400] "GET /phpmyadmin/js/messages.php?l=ru&v=4.9.0.1 HTTP/1.1" 200 11654
::1 - - [29/Jul/2019:01:27:54 +0400] "POST /phpmyadmin/ajax.php HTTP/1.1" 200 1640
::1 - - [29/Jul/2019:01:27:55 +0400] "POST /phpmyadmin/navigation.php?ajax_request=1 HTTP/1.1" 200 2433
::1 - - [29/Jul/2019:01:27:55 +0400] "POST /phpmyadmin/ajax.php HTTP/1.1" 200 1734
::1 - - [29/Jul/2019:01:27:55 +0400] "POST /phpmyadmin/ajax.php HTTP/1.1" 200 1631
::1 - - [29/Jul/2019:01:27:55 +0400] "POST /phpmyadmin/version_check.php HTTP/1.1" 200 28
::1 - - [29/Jul/2019:01:27:57 +0400] "GET /phpmyadmin/server_privileges.php?viewing_mode=server&ajax_request=true&ajax_page_request=true&_nocache=1564349277707648854&token=iDt(FN%26r!j%25%23%5B0R%3C HTTP/1.1" 200 3623
::1 - - [29/Jul/2019:01:27:58 +0400] "GET /phpmyadmin/themes/pmahomme/img/b_usrlist.png HTTP/1.1" 200 677
::1 - - [29/Jul/2019:01:27:58 +0400] "GET /phpmyadmin/themes/pmahomme/img/b_usredit.png HTTP/1.1" 200 757
::1 - - [29/Jul/2019:01:27:58 +0400] "GET /phpmyadmin/themes/pmahomme/img/b_usradd.png HTTP/1.1" 200 670
::1 - - [29/Jul/2019:01:27:58 +0400] "GET /phpmyadmin/themes/pmahomme/img/b_usrdrop.png HTTP/1.1" 200 697
::1 - - [29/Jul/2019:01:27:58 +0400] "GET /phpmyadmin/js/server_privileges.js?v=4.9.0.1 HTTP/1.1" 200 18843
::1 - - [29/Jul/2019:01:27:58 +0400] "GET /phpmyadmin/js/vendor/zxcvbn.js?v=4.9.0.1 HTTP/1.1" 200 821676
::1 - - [29/Jul/2019:01:28:16 +0400] "GET /phpmyadmin/server_privileges.php?username=root&hostname=localhost&dbname=&tablename=&routinename=&ajax_request=true&ajax_page_request=true&_nocache=1564349296118215596&token=iDt(FN%26r!j%25%23%5B0R%3C HTTP/1.1" 200 7882
::1 - - [29/Jul/2019:01:28:39 +0400] "POST /phpmyadmin/server_privileges.php HTTP/1.1" 200 7936
