PHP Warning:  PHP Startup: Unable to load dynamic library 'mysqli' (tried: ext\\mysqli (\xef\xbf\xbd\xef\xbf\xbd \xef\xbf\xbd\xef\xbf\xbd\xef\xbf\xbd\xef\xbf\xbd\xef\xbf\xbd\xef\xbf\xbd \xef\xbf\xbd\xef\xbf\xbd\xef\xbf\xbd\xef\xbf\xbd\xef\xbf\xbd\xef\xbf\xbd\xef\xbf\xbd\xef\xbf\xbd \xef\xbf\xbd\xef\xbf\xbd\xef\xbf\xbd\xef\xbf\xbd\xef\xbf\xbd.), ext\\php_mysqli.dll (\xef\xbf\xbd\xef\xbf\xbd \xef\xbf\xbd\xef\xbf\xbd\xef\xbf\xbd\xef\xbf\xbd\xef\xbf\xbd\xef\xbf\xbd \xef\xbf\xbd\xef\xbf\xbd\xef\xbf\xbd\xef\xbf\xbd\xef\xbf\xbd\xef\xbf\xbd\xef\xbf\xbd\xef\xbf\xbd \xef\xbf\xbd\xef\xbf\xbd\xef\xbf\xbd\xef\xbf\xbd\xef\xbf\xbd.)) in Unknown on line 0
[Sat Jul 27 19:29:22.329425 2019] [mpm_winnt:notice] [pid 5844:tid 672] AH00455: Apache/2.4.39 (Win64) PHP/7.3.7 configured -- resuming normal operations
[Sat Jul 27 19:29:22.329425 2019] [mpm_winnt:notice] [pid 5844:tid 672] AH00456: Apache Lounge VS16 Server built: May 28 2019 17:12:51
[Sat Jul 27 19:29:22.330423 2019] [core:notice] [pid 5844:tid 672] AH00094: Command line: 'C:\\Apache24\\bin\\httpd.exe -d C:/Apache24'
[Sat Jul 27 19:29:22.332410 2019] [mpm_winnt:notice] [pid 5844:tid 672] AH00418: Parent: Created child process 9068
PHP Warning:  PHP Startup: Unable to load dynamic library 'mysqli' (tried: ext\\mysqli (\xef\xbf\xbd\xef\xbf\xbd \xef\xbf\xbd\xef\xbf\xbd\xef\xbf\xbd\xef\xbf\xbd\xef\xbf\xbd\xef\xbf\xbd \xef\xbf\xbd\xef\xbf\xbd\xef\xbf\xbd\xef\xbf\xbd\xef\xbf\xbd\xef\xbf\xbd\xef\xbf\xbd\xef\xbf\xbd \xef\xbf\xbd\xef\xbf\xbd\xef\xbf\xbd\xef\xbf\xbd\xef\xbf\xbd.), ext\\php_mysqli.dll (\xef\xbf\xbd\xef\xbf\xbd \xef\xbf\xbd\xef\xbf\xbd\xef\xbf\xbd\xef\xbf\xbd\xef\xbf\xbd\xef\xbf\xbd \xef\xbf\xbd\xef\xbf\xbd\xef\xbf\xbd\xef\xbf\xbd\xef\xbf\xbd\xef\xbf\xbd\xef\xbf\xbd\xef\xbf\xbd \xef\xbf\xbd\xef\xbf\xbd\xef\xbf\xbd\xef\xbf\xbd\xef\xbf\xbd.)) in Unknown on line 0
[Sat Jul 27 19:29:23.421384 2019] [mpm_winnt:notice] [pid 9068:tid 632] AH00354: Child: Starting 64 worker threads.
[Sat Jul 27 22:34:02.605889 2019] [mpm_winnt:notice] [pid 5844:tid 672] AH00424: Parent: Received restart signal -- Restarting the server.
PHP Warning:  PHP Startup: Unable to load dynamic library 'mysqli' (tried: ext\\mysqli (\xef\xbf\xbd\xef\xbf\xbd \xef\xbf\xbd\xef\xbf\xbd\xef\xbf\xbd\xef\xbf\xbd\xef\xbf\xbd\xef\xbf\xbd \xef\xbf\xbd\xef\xbf\xbd\xef\xbf\xbd\xef\xbf\xbd\xef\xbf\xbd\xef\xbf\xbd\xef\xbf\xbd\xef\xbf\xbd \xef\xbf\xbd\xef\xbf\xbd\xef\xbf\xbd\xef\xbf\xbd\xef\xbf\xbd.), ext\\php_mysqli.dll (\xef\xbf\xbd\xef\xbf\xbd \xef\xbf\xbd\xef\xbf\xbd\xef\xbf\xbd\xef\xbf\xbd\xef\xbf\xbd\xef\xbf\xbd \xef\xbf\xbd\xef\xbf\xbd\xef\xbf\xbd\xef\xbf\xbd\xef\xbf\xbd\xef\xbf\xbd\xef\xbf\xbd\xef\xbf\xbd \xef\xbf\xbd\xef\xbf\xbd\xef\xbf\xbd\xef\xbf\xbd\xef\xbf\xbd.)) in Unknown on line 0
[Sat Jul 27 22:34:03.142176 2019] [mpm_winnt:notice] [pid 5844:tid 672] AH00455: Apache/2.4.39 (Win64) PHP/7.3.7 configured -- resuming normal operations
[Sat Jul 27 22:34:03.142176 2019] [mpm_winnt:notice] [pid 5844:tid 672] AH00456: Apache Lounge VS16 Server built: May 28 2019 17:12:51
[Sat Jul 27 22:34:03.142176 2019] [core:notice] [pid 5844:tid 672] AH00094: Command line: 'C:\\Apache24\\bin\\httpd.exe -d C:/Apache24'
[Sat Jul 27 22:34:03.145175 2019] [mpm_winnt:notice] [pid 5844:tid 672] AH00418: Parent: Created child process 8060
PHP Warning:  PHP Startup: Unable to load dynamic library 'mysqli' (tried: ext\\mysqli (\xef\xbf\xbd\xef\xbf\xbd \xef\xbf\xbd\xef\xbf\xbd\xef\xbf\xbd\xef\xbf\xbd\xef\xbf\xbd\xef\xbf\xbd \xef\xbf\xbd\xef\xbf\xbd\xef\xbf\xbd\xef\xbf\xbd\xef\xbf\xbd\xef\xbf\xbd\xef\xbf\xbd\xef\xbf\xbd \xef\xbf\xbd\xef\xbf\xbd\xef\xbf\xbd\xef\xbf\xbd\xef\xbf\xbd.), ext\\php_mysqli.dll (\xef\xbf\xbd\xef\xbf\xbd \xef\xbf\xbd\xef\xbf\xbd\xef\xbf\xbd\xef\xbf\xbd\xef\xbf\xbd\xef\xbf\xbd \xef\xbf\xbd\xef\xbf\xbd\xef\xbf\xbd\xef\xbf\xbd\xef\xbf\xbd\xef\xbf\xbd\xef\xbf\xbd\xef\xbf\xbd \xef\xbf\xbd\xef\xbf\xbd\xef\xbf\xbd\xef\xbf\xbd\xef\xbf\xbd.)) in Unknown on line 0
[Sat Jul 27 22:34:03.990652 2019] [mpm_winnt:notice] [pid 8060:tid 608] AH00354: Child: Starting 64 worker threads.
[Sat Jul 27 22:34:04.608056 2019] [mpm_winnt:notice] [pid 9068:tid 632] AH00364: Child: All worker threads have exited.
[Sat Jul 27 22:35:25.291925 2019] [mpm_winnt:notice] [pid 5844:tid 672] AH00422: Parent: Received shutdown signal -- Shutting down the server.
[Sat Jul 27 22:35:27.323252 2019] [mpm_winnt:notice] [pid 8060:tid 608] AH00364: Child: All worker threads have exited.
[Sat Jul 27 22:35:27.338827 2019] [mpm_winnt:notice] [pid 5844:tid 672] AH00430: Parent: Child process 8060 exited successfully.
PHP Warning:  PHP Startup: Unable to load dynamic library 'mysqli' (tried: ext\\mysqli (\xef\xbf\xbd\xef\xbf\xbd \xef\xbf\xbd\xef\xbf\xbd\xef\xbf\xbd\xef\xbf\xbd\xef\xbf\xbd\xef\xbf\xbd \xef\xbf\xbd\xef\xbf\xbd\xef\xbf\xbd\xef\xbf\xbd\xef\xbf\xbd\xef\xbf\xbd\xef\xbf\xbd\xef\xbf\xbd \xef\xbf\xbd\xef\xbf\xbd\xef\xbf\xbd\xef\xbf\xbd\xef\xbf\xbd.), ext\\php_mysqli.dll (\xef\xbf\xbd\xef\xbf\xbd \xef\xbf\xbd\xef\xbf\xbd\xef\xbf\xbd\xef\xbf\xbd\xef\xbf\xbd\xef\xbf\xbd \xef\xbf\xbd\xef\xbf\xbd\xef\xbf\xbd\xef\xbf\xbd\xef\xbf\xbd\xef\xbf\xbd\xef\xbf\xbd\xef\xbf\xbd \xef\xbf\xbd\xef\xbf\xbd\xef\xbf\xbd\xef\xbf\xbd\xef\xbf\xbd.)) in Unknown on line 0
[Sat Jul 27 22:37:13.023274 2019] [mpm_winnt:notice] [pid 3368:tid 664] AH00455: Apache/2.4.39 (Win64) PHP/7.3.7 configured -- resuming normal operations
[Sat Jul 27 22:37:13.023274 2019] [mpm_winnt:notice] [pid 3368:tid 664] AH00456: Apache Lounge VS16 Server built: May 28 2019 17:12:51
[Sat Jul 27 22:37:13.023274 2019] [core:notice] [pid 3368:tid 664] AH00094: Command line: 'C:\\Apache24\\bin\\httpd.exe -d C:/Apache24'
[Sat Jul 27 22:37:13.023274 2019] [mpm_winnt:notice] [pid 3368:tid 664] AH00418: Parent: Created child process 3356
PHP Warning:  PHP Startup: Unable to load dynamic library 'mysqli' (tried: ext\\mysqli (\xef\xbf\xbd\xef\xbf\xbd \xef\xbf\xbd\xef\xbf\xbd\xef\xbf\xbd\xef\xbf\xbd\xef\xbf\xbd\xef\xbf\xbd \xef\xbf\xbd\xef\xbf\xbd\xef\xbf\xbd\xef\xbf\xbd\xef\xbf\xbd\xef\xbf\xbd\xef\xbf\xbd\xef\xbf\xbd \xef\xbf\xbd\xef\xbf\xbd\xef\xbf\xbd\xef\xbf\xbd\xef\xbf\xbd.), ext\\php_mysqli.dll (\xef\xbf\xbd\xef\xbf\xbd \xef\xbf\xbd\xef\xbf\xbd\xef\xbf\xbd\xef\xbf\xbd\xef\xbf\xbd\xef\xbf\xbd \xef\xbf\xbd\xef\xbf\xbd\xef\xbf\xbd\xef\xbf\xbd\xef\xbf\xbd\xef\xbf\xbd\xef\xbf\xbd\xef\xbf\xbd \xef\xbf\xbd\xef\xbf\xbd\xef\xbf\xbd\xef\xbf\xbd\xef\xbf\xbd.)) in Unknown on line 0
[Sat Jul 27 22:37:14.726273 2019] [mpm_winnt:notice] [pid 3356:tid 612] AH00354: Child: Starting 64 worker threads.
[Sat Jul 27 22:50:17.470202 2019] [mpm_winnt:notice] [pid 3368:tid 664] AH00424: Parent: Received restart signal -- Restarting the server.
PHP Warning:  PHP Startup: Unable to load dynamic library 'mysqli' (tried: ext\\mysqli (\xef\xbf\xbd\xef\xbf\xbd \xef\xbf\xbd\xef\xbf\xbd\xef\xbf\xbd\xef\xbf\xbd\xef\xbf\xbd\xef\xbf\xbd \xef\xbf\xbd\xef\xbf\xbd\xef\xbf\xbd\xef\xbf\xbd\xef\xbf\xbd\xef\xbf\xbd\xef\xbf\xbd\xef\xbf\xbd \xef\xbf\xbd\xef\xbf\xbd\xef\xbf\xbd\xef\xbf\xbd\xef\xbf\xbd.), ext\\php_mysqli.dll (\xef\xbf\xbd\xef\xbf\xbd \xef\xbf\xbd\xef\xbf\xbd\xef\xbf\xbd\xef\xbf\xbd\xef\xbf\xbd\xef\xbf\xbd \xef\xbf\xbd\xef\xbf\xbd\xef\xbf\xbd\xef\xbf\xbd\xef\xbf\xbd\xef\xbf\xbd\xef\xbf\xbd\xef\xbf\xbd \xef\xbf\xbd\xef\xbf\xbd\xef\xbf\xbd\xef\xbf\xbd\xef\xbf\xbd.)) in Unknown on line 0
PHP Warning:  PHP Startup: Unable to load dynamic library 'mysqli' (tried: ext\\mysqli (\xef\xbf\xbd\xef\xbf\xbd \xef\xbf\xbd\xef\xbf\xbd\xef\xbf\xbd\xef\xbf\xbd\xef\xbf\xbd\xef\xbf\xbd \xef\xbf\xbd\xef\xbf\xbd\xef\xbf\xbd\xef\xbf\xbd\xef\xbf\xbd\xef\xbf\xbd\xef\xbf\xbd\xef\xbf\xbd \xef\xbf\xbd\xef\xbf\xbd\xef\xbf\xbd\xef\xbf\xbd\xef\xbf\xbd.), ext\\php_mysqli.dll (\xef\xbf\xbd\xef\xbf\xbd \xef\xbf\xbd\xef\xbf\xbd\xef\xbf\xbd\xef\xbf\xbd\xef\xbf\xbd\xef\xbf\xbd \xef\xbf\xbd\xef\xbf\xbd\xef\xbf\xbd\xef\xbf\xbd\xef\xbf\xbd\xef\xbf\xbd\xef\xbf\xbd\xef\xbf\xbd \xef\xbf\xbd\xef\xbf\xbd\xef\xbf\xbd\xef\xbf\xbd\xef\xbf\xbd.)) in Unknown on line 0
[Sat Jul 27 22:50:17.626600 2019] [mpm_winnt:notice] [pid 3368:tid 664] AH00455: Apache/2.4.39 (Win64) PHP/7.3.7 configured -- resuming normal operations
[Sat Jul 27 22:50:17.626600 2019] [mpm_winnt:notice] [pid 3368:tid 664] AH00456: Apache Lounge VS16 Server built: May 28 2019 17:12:51
[Sat Jul 27 22:50:17.627601 2019] [core:notice] [pid 3368:tid 664] AH00094: Command line: 'C:\\Apache24\\bin\\httpd.exe -d C:/Apache24'
[Sat Jul 27 22:50:17.629600 2019] [mpm_winnt:notice] [pid 3368:tid 664] AH00418: Parent: Created child process 9892
PHP Warning:  PHP Startup: Unable to load dynamic library 'mysqli' (tried: ext\\mysqli (\xef\xbf\xbd\xef\xbf\xbd \xef\xbf\xbd\xef\xbf\xbd\xef\xbf\xbd\xef\xbf\xbd\xef\xbf\xbd\xef\xbf\xbd \xef\xbf\xbd\xef\xbf\xbd\xef\xbf\xbd\xef\xbf\xbd\xef\xbf\xbd\xef\xbf\xbd\xef\xbf\xbd\xef\xbf\xbd \xef\xbf\xbd\xef\xbf\xbd\xef\xbf\xbd\xef\xbf\xbd\xef\xbf\xbd.), ext\\php_mysqli.dll (\xef\xbf\xbd\xef\xbf\xbd \xef\xbf\xbd\xef\xbf\xbd\xef\xbf\xbd\xef\xbf\xbd\xef\xbf\xbd\xef\xbf\xbd \xef\xbf\xbd\xef\xbf\xbd\xef\xbf\xbd\xef\xbf\xbd\xef\xbf\xbd\xef\xbf\xbd\xef\xbf\xbd\xef\xbf\xbd \xef\xbf\xbd\xef\xbf\xbd\xef\xbf\xbd\xef\xbf\xbd\xef\xbf\xbd.)) in Unknown on line 0
PHP Warning:  PHP Startup: Unable to load dynamic library 'mysqli' (tried: ext\\mysqli (\xef\xbf\xbd\xef\xbf\xbd \xef\xbf\xbd\xef\xbf\xbd\xef\xbf\xbd\xef\xbf\xbd\xef\xbf\xbd\xef\xbf\xbd \xef\xbf\xbd\xef\xbf\xbd\xef\xbf\xbd\xef\xbf\xbd\xef\xbf\xbd\xef\xbf\xbd\xef\xbf\xbd\xef\xbf\xbd \xef\xbf\xbd\xef\xbf\xbd\xef\xbf\xbd\xef\xbf\xbd\xef\xbf\xbd.), ext\\php_mysqli.dll (\xef\xbf\xbd\xef\xbf\xbd \xef\xbf\xbd\xef\xbf\xbd\xef\xbf\xbd\xef\xbf\xbd\xef\xbf\xbd\xef\xbf\xbd \xef\xbf\xbd\xef\xbf\xbd\xef\xbf\xbd\xef\xbf\xbd\xef\xbf\xbd\xef\xbf\xbd\xef\xbf\xbd\xef\xbf\xbd \xef\xbf\xbd\xef\xbf\xbd\xef\xbf\xbd\xef\xbf\xbd\xef\xbf\xbd.)) in Unknown on line 0
[Sat Jul 27 22:50:18.505013 2019] [mpm_winnt:notice] [pid 9892:tid 628] AH00354: Child: Starting 64 worker threads.
[Sat Jul 27 22:50:19.472057 2019] [mpm_winnt:notice] [pid 3356:tid 612] AH00364: Child: All worker threads have exited.
[Sat Jul 27 22:55:53.934355 2019] [mpm_winnt:notice] [pid 3368:tid 664] AH00424: Parent: Received restart signal -- Restarting the server.
PHP Warning:  Module 'mysqli' already loaded in Unknown on line 0
[Sat Jul 27 22:55:54.074095 2019] [mpm_winnt:notice] [pid 3368:tid 664] AH00455: Apache/2.4.39 (Win64) PHP/7.3.7 configured -- resuming normal operations
[Sat Jul 27 22:55:54.074095 2019] [mpm_winnt:notice] [pid 3368:tid 664] AH00456: Apache Lounge VS16 Server built: May 28 2019 17:12:51
[Sat Jul 27 22:55:54.074095 2019] [core:notice] [pid 3368:tid 664] AH00094: Command line: 'C:\\Apache24\\bin\\httpd.exe -d C:/Apache24'
[Sat Jul 27 22:55:54.077077 2019] [mpm_winnt:notice] [pid 3368:tid 664] AH00418: Parent: Created child process 9920
PHP Warning:  Module 'mysqli' already loaded in Unknown on line 0
[Sat Jul 27 22:55:54.959582 2019] [mpm_winnt:notice] [pid 9920:tid 616] AH00354: Child: Starting 64 worker threads.
[Sat Jul 27 22:55:55.936632 2019] [mpm_winnt:notice] [pid 9892:tid 628] AH00364: Child: All worker threads have exited.
[Sun Jul 28 02:15:27.503879 2019] [php7:crit] [pid 9920:tid 1116] [client ::1:53329] PHP Parse error:  syntax error, unexpected '"meta.php"' (T_CONSTANT_ENCAPSED_STRING) in C:\\localhost\\php\\register.php on line 58, referer: http://localhost/php/login.php
[Sun Jul 28 02:16:52.459237 2019] [php7:crit] [pid 9920:tid 1108] [client ::1:53347] PHP Parse error:  syntax error, unexpected '}' in C:\\localhost\\php\\register.php on line 75, referer: http://localhost/php/login.php
[Sun Jul 28 02:17:59.958011 2019] [php7:warn] [pid 9920:tid 1116] [client ::1:53362] PHP Warning:  mysqli_connect(): (HY000/1045): Access denied for user 'root'@'localhost' (using password: YES) in C:\\localhost\\php\\meta.php on line 7, referer: http://localhost/php/login.php
[Sun Jul 28 02:18:48.354667 2019] [php7:warn] [pid 9920:tid 1116] [client ::1:53381] PHP Warning:  mysqli_connect(): (HY000/1045): Access denied for user 'root'@'localhost' (using password: NO) in C:\\localhost\\php\\meta.php on line 7, referer: http://localhost/php/login.php
[Sun Jul 28 02:21:38.024592 2019] [php7:warn] [pid 9920:tid 1116] [client ::1:53423] PHP Warning:  mysqli_connect(): (HY000/1045): Access denied for user 'root'@'localhost' (using password: NO) in C:\\localhost\\php\\meta.php on line 8, referer: http://localhost/php/login.php
[Sun Jul 28 02:21:41.336050 2019] [php7:warn] [pid 9920:tid 1116] [client ::1:53423] PHP Warning:  mysqli_connect(): (HY000/1045): Access denied for user 'root'@'localhost' (using password: NO) in C:\\localhost\\php\\meta.php on line 8, referer: http://localhost/php/login.php
[Sun Jul 28 02:34:52.211777 2019] [php7:notice] [pid 9920:tid 1116] [client ::1:53671] PHP Notice:  Undefined variable: username in C:\\localhost\\php\\register.php on line 99, referer: http://localhost/php/register.php
[Sun Jul 28 02:34:52.211777 2019] [php7:notice] [pid 9920:tid 1116] [client ::1:53671] PHP Notice:  Undefined variable: email in C:\\localhost\\php\\register.php on line 100, referer: http://localhost/php/register.php
[Sun Jul 28 02:35:55.490214 2019] [php7:notice] [pid 9920:tid 1116] [client ::1:53686] PHP Notice:  Undefined variable: login in C:\\localhost\\php\\register.php on line 99, referer: http://localhost/php/register.php
[Sun Jul 28 02:35:55.491214 2019] [php7:notice] [pid 9920:tid 1116] [client ::1:53686] PHP Notice:  Undefined variable: email in C:\\localhost\\php\\register.php on line 100, referer: http://localhost/php/register.php
[Sun Jul 28 02:46:16.624666 2019] [mpm_winnt:notice] [pid 3368:tid 664] AH00422: Parent: Received shutdown signal -- Shutting down the server.
[Sun Jul 28 02:46:18.655908 2019] [mpm_winnt:notice] [pid 9920:tid 616] AH00364: Child: All worker threads have exited.
[Sun Jul 28 02:46:18.687159 2019] [mpm_winnt:notice] [pid 3368:tid 664] AH00430: Parent: Child process 9920 exited successfully.
PHP Warning:  Module 'mysqli' already loaded in Unknown on line 0
[Sun Jul 28 18:07:11.883256 2019] [mpm_winnt:notice] [pid 1952:tid 680] AH00455: Apache/2.4.39 (Win64) PHP/7.3.7 configured -- resuming normal operations
[Sun Jul 28 18:07:11.883256 2019] [mpm_winnt:notice] [pid 1952:tid 680] AH00456: Apache Lounge VS16 Server built: May 28 2019 17:12:51
[Sun Jul 28 18:07:11.883256 2019] [core:notice] [pid 1952:tid 680] AH00094: Command line: 'C:\\Apache24\\bin\\httpd.exe -d C:/Apache24'
[Sun Jul 28 18:07:11.914502 2019] [mpm_winnt:notice] [pid 1952:tid 680] AH00418: Parent: Created child process 5020
PHP Warning:  Module 'mysqli' already loaded in Unknown on line 0
[Sun Jul 28 18:07:12.711375 2019] [mpm_winnt:notice] [pid 5020:tid 600] AH00354: Child: Starting 64 worker threads.
[Sun Jul 28 19:04:32.364532 2019] [php7:crit] [pid 5020:tid 1108] [client ::1:59895] PHP Parse error:  syntax error, unexpected '}' in C:\\localhost\\php\\login.php on line 23
[Sun Jul 28 19:06:13.033363 2019] [php7:error] [pid 5020:tid 1120] [client ::1:59916] PHP Fatal error:  Cannot use [] for reading in C:\\localhost\\php\\login.php on line 25
[Sun Jul 28 19:06:52.693103 2019] [php7:notice] [pid 5020:tid 1120] [client ::1:59926] PHP Notice:  Undefined index: logedin in C:\\localhost\\php\\login.php on line 4
[Sun Jul 28 19:06:52.693103 2019] [php7:notice] [pid 5020:tid 1120] [client ::1:59926] PHP Notice:  Undefined index: loggedin in C:\\localhost\\php\\login.php on line 4
[Sun Jul 28 19:06:52.696104 2019] [php7:notice] [pid 5020:tid 1120] [client ::1:59926] PHP Notice:  Undefined index: submit in C:\\localhost\\php\\login.php on line 10
[Sun Jul 28 19:07:19.024627 2019] [php7:notice] [pid 5020:tid 1120] [client ::1:59935] PHP Notice:  Undefined index: loggedin in C:\\localhost\\php\\login.php on line 4
[Sun Jul 28 19:07:19.024627 2019] [php7:notice] [pid 5020:tid 1120] [client ::1:59935] PHP Notice:  Undefined index: loggedin in C:\\localhost\\php\\login.php on line 4
[Sun Jul 28 19:07:19.028625 2019] [php7:notice] [pid 5020:tid 1120] [client ::1:59935] PHP Notice:  Undefined index: submit in C:\\localhost\\php\\login.php on line 10
[Sun Jul 28 19:07:30.774164 2019] [php7:notice] [pid 5020:tid 1120] [client ::1:59940] PHP Notice:  Undefined index: loggedin in C:\\localhost\\php\\login.php on line 4
[Sun Jul 28 19:07:30.776165 2019] [php7:notice] [pid 5020:tid 1120] [client ::1:59940] PHP Notice:  Undefined index: submit in C:\\localhost\\php\\login.php on line 10
[Sun Jul 28 19:08:53.752657 2019] [php7:notice] [pid 5020:tid 1120] [client ::1:59959] PHP Notice:  Undefined index: loggedin in C:\\localhost\\php\\login.php on line 4
[Sun Jul 28 19:08:53.755639 2019] [php7:notice] [pid 5020:tid 1120] [client ::1:59959] PHP Notice:  Undefined index: submit in C:\\localhost\\php\\login.php on line 10
[Sun Jul 28 19:09:32.790352 2019] [php7:notice] [pid 5020:tid 1108] [client ::1:59971] PHP Notice:  Undefined index: loggedin in C:\\localhost\\php\\login.php on line 4
[Sun Jul 28 19:09:32.803353 2019] [php7:notice] [pid 5020:tid 1108] [client ::1:59971] PHP Notice:  Undefined index: submit in C:\\localhost\\php\\login.php on line 10
[Sun Jul 28 19:09:41.795822 2019] [php7:notice] [pid 5020:tid 1120] [client ::1:59972] PHP Notice:  Undefined index: loggedin in C:\\localhost\\php\\login.php on line 4, referer: http://localhost/php/login.php
[Sun Jul 28 19:09:41.798823 2019] [php7:error] [pid 5020:tid 1120] [client ::1:59972] PHP Fatal error:  Uncaught Error: Call to undefined function mysql_real_escape_string() in C:\\localhost\\php\\login.php:13\nStack trace:\n#0 {main}\n  thrown in C:\\localhost\\php\\login.php on line 13, referer: http://localhost/php/login.php
[Sun Jul 28 19:09:55.857676 2019] [php7:notice] [pid 5020:tid 1120] [client ::1:59986] PHP Notice:  Undefined index: loggedin in C:\\localhost\\php\\login.php on line 4
[Sun Jul 28 19:09:55.861679 2019] [php7:notice] [pid 5020:tid 1120] [client ::1:59986] PHP Notice:  Undefined index: submit in C:\\localhost\\php\\login.php on line 10
[Sun Jul 28 19:09:57.563292 2019] [php7:notice] [pid 5020:tid 1120] [client ::1:59986] PHP Notice:  Undefined index: loggedin in C:\\localhost\\php\\login.php on line 4
[Sun Jul 28 19:09:57.565293 2019] [php7:notice] [pid 5020:tid 1120] [client ::1:59986] PHP Notice:  Undefined index: submit in C:\\localhost\\php\\login.php on line 10
[Sun Jul 28 19:12:04.195622 2019] [php7:notice] [pid 5020:tid 1120] [client ::1:60039] PHP Notice:  Undefined index: loggedin in C:\\localhost\\php\\login.php on line 4
[Sun Jul 28 19:13:44.831497 2019] [php7:error] [pid 5020:tid 1120] [client ::1:60062] PHP Fatal error:  Uncaught Error: Call to undefined function mysql_real_escape_string() in C:\\localhost\\php\\login.php:13\nStack trace:\n#0 {main}\n  thrown in C:\\localhost\\php\\login.php on line 13, referer: http://localhost/php/login.php
[Sun Jul 28 19:15:11.121610 2019] [php7:crit] [pid 5020:tid 1108] [client ::1:60095] PHP Parse error:  syntax error, unexpected 'header' (T_STRING) in C:\\localhost\\php\\register.php on line 30
[Sun Jul 28 19:15:25.239104 2019] [php7:notice] [pid 5020:tid 1120] [client ::1:60100] PHP Notice:  Undefined index: logedin in C:\\localhost\\php\\register.php on line 4
[Sun Jul 28 19:15:25.243106 2019] [php7:notice] [pid 5020:tid 1120] [client ::1:60100] PHP Notice:  Undefined index: submit in C:\\localhost\\php\\register.php on line 10
[Sun Jul 28 19:16:18.193553 2019] [php7:error] [pid 5020:tid 1108] [client ::1:60118] PHP Fatal error:  Uncaught Error: Call to undefined function mysql_real_escape_string() in C:\\localhost\\php\\register.php:12\nStack trace:\n#0 {main}\n  thrown in C:\\localhost\\php\\register.php on line 12, referer: http://localhost/php/register.php
[Sun Jul 28 19:16:47.330995 2019] [php7:warn] [pid 5020:tid 1120] [client ::1:60130] PHP Warning:  preg_match(): Delimiter must not be alphanumeric or backslash in C:\\localhost\\php\\register.php on line 14, referer: http://localhost/php/register.php
[Sun Jul 28 19:16:47.332997 2019] [php7:error] [pid 5020:tid 1120] [client ::1:60130] PHP Fatal error:  Uncaught Error: Cannot use object of type mysqli_result as array in C:\\localhost\\php\\register.php:18\nStack trace:\n#0 {main}\n  thrown in C:\\localhost\\php\\register.php on line 18, referer: http://localhost/php/register.php
[Sun Jul 28 19:31:05.430644 2019] [php7:warn] [pid 5020:tid 1108] [client ::1:60354] PHP Warning:  mysqli_num_rows() expects parameter 1 to be mysqli_result, null given in C:\\localhost\\php\\register.php on line 23, referer: http://localhost/php/register.php
[Sun Jul 28 19:31:05.430644 2019] [php7:warn] [pid 5020:tid 1108] [client ::1:60354] PHP Warning:  mysqli_num_rows() expects parameter 1 to be mysqli_result, null given in C:\\localhost\\php\\register.php on line 26, referer: http://localhost/php/register.php
[Sun Jul 28 19:34:27.278271 2019] [php7:warn] [pid 5020:tid 1108] [client ::1:60412] PHP Warning:  Use of undefined constant data - assumed 'data' (this will throw an Error in a future version of PHP) in C:\\localhost\\php\\register.php on line 23, referer: http://localhost/php/register.php
[Sun Jul 28 19:34:27.279271 2019] [php7:warn] [pid 5020:tid 1108] [client ::1:60412] PHP Warning:  Illegal string offset 'login' in C:\\localhost\\php\\register.php on line 23, referer: http://localhost/php/register.php
[Sun Jul 28 19:34:27.279271 2019] [php7:warn] [pid 5020:tid 1108] [client ::1:60412] PHP Warning:  mysqli_num_rows() expects parameter 1 to be mysqli_result, null given in C:\\localhost\\php\\register.php on line 23, referer: http://localhost/php/register.php
[Sun Jul 28 19:34:27.279271 2019] [php7:warn] [pid 5020:tid 1108] [client ::1:60412] PHP Warning:  Use of undefined constant data - assumed 'data' (this will throw an Error in a future version of PHP) in C:\\localhost\\php\\register.php on line 26, referer: http://localhost/php/register.php
[Sun Jul 28 19:34:27.279271 2019] [php7:warn] [pid 5020:tid 1108] [client ::1:60412] PHP Warning:  Illegal string offset 'email' in C:\\localhost\\php\\register.php on line 26, referer: http://localhost/php/register.php
[Sun Jul 28 19:34:27.279271 2019] [php7:warn] [pid 5020:tid 1108] [client ::1:60412] PHP Warning:  mysqli_num_rows() expects parameter 1 to be mysqli_result, null given in C:\\localhost\\php\\register.php on line 26, referer: http://localhost/php/register.php
[Sun Jul 28 19:37:25.376113 2019] [php7:warn] [pid 5020:tid 1108] [client ::1:60486] PHP Warning:  mysqli_num_rows() expects parameter 1 to be mysqli_result, null given in C:\\localhost\\php\\register.php on line 23, referer: http://localhost/php/register.php
[Sun Jul 28 19:37:25.376113 2019] [php7:warn] [pid 5020:tid 1108] [client ::1:60486] PHP Warning:  mysqli_num_rows() expects parameter 1 to be mysqli_result, null given in C:\\localhost\\php\\register.php on line 26, referer: http://localhost/php/register.php
[Sun Jul 28 20:00:05.506523 2019] [php7:error] [pid 5020:tid 1108] [client ::1:60938] PHP Fatal error:  Uncaught Error: Cannot use object of type mysqli_result as array in C:\\localhost\\php\\login.php:17\nStack trace:\n#0 {main}\n  thrown in C:\\localhost\\php\\login.php on line 17, referer: http://localhost/php/login.php
[Sun Jul 28 20:01:59.375193 2019] [php7:warn] [pid 5020:tid 1108] [client ::1:60974] PHP Warning:  password_verify() expects parameter 2 to be string, object given in C:\\localhost\\php\\login.php on line 18, referer: http://localhost/php/login.php
[Sun Jul 28 20:03:02.797397 2019] [php7:warn] [pid 5020:tid 1108] [client ::1:60991] PHP Warning:  parse_str() expects parameter 1 to be string, object given in C:\\localhost\\php\\login.php on line 18, referer: http://localhost/php/login.php
[Sun Jul 28 20:04:21.194877 2019] [php7:error] [pid 5020:tid 1108] [client ::1:61037] PHP Recoverable fatal error:  Object of class mysqli_result could not be converted to string in C:\\localhost\\php\\login.php on line 18, referer: http://localhost/php/login.php
[Sun Jul 28 22:18:54.651959 2019] [mpm_winnt:notice] [pid 1952:tid 680] AH00422: Parent: Received shutdown signal -- Shutting down the server.
[Sun Jul 28 22:18:56.683338 2019] [mpm_winnt:notice] [pid 5020:tid 600] AH00364: Child: All worker threads have exited.
[Sun Jul 28 22:18:56.792592 2019] [mpm_winnt:notice] [pid 1952:tid 680] AH00430: Parent: Child process 5020 exited successfully.
PHP Warning:  Module 'mysqli' already loaded in Unknown on line 0
[Sun Jul 28 23:16:07.531178 2019] [mpm_winnt:notice] [pid 3188:tid 560] AH00455: Apache/2.4.39 (Win64) PHP/7.3.7 configured -- resuming normal operations
[Sun Jul 28 23:16:07.531677 2019] [mpm_winnt:notice] [pid 3188:tid 560] AH00456: Apache Lounge VS16 Server built: May 28 2019 17:12:51
[Sun Jul 28 23:16:07.531677 2019] [core:notice] [pid 3188:tid 560] AH00094: Command line: 'C:\\Apache24\\bin\\httpd.exe -d C:/Apache24'
[Sun Jul 28 23:16:07.534676 2019] [mpm_winnt:notice] [pid 3188:tid 560] AH00418: Parent: Created child process 4804
PHP Warning:  Module 'mysqli' already loaded in Unknown on line 0
[Sun Jul 28 23:16:08.630835 2019] [mpm_winnt:notice] [pid 4804:tid 124] AH00354: Child: Starting 64 worker threads.
